<?xml version="1.0" encoding="UTF-8"?>
<testsuite name="starter.CucumberTestSuite" tests="0" skipped="0" failures="0" errors="0" timestamp="1970-01-01T00:00:00" hostname="CO-IT019030" time="0.0">
  <properties/>
  <system-out><![CDATA[12:07:00.118 [Test worker] DEBUG net.thucydides.core.guice.Injectors - Created injector for module net.thucydides.core.guice.ThucydidesModule
12:07:00.227 [Test worker] INFO io.cucumber.core.plugin.SerenityReporter - Running feature from file:///Users/andresfelipe.burbano/BCP/apium-percy/serenitybdd-appium-poc/src/test/resources/features/login/log_in.feature
12:07:00.378 [Test worker] DEBUG net.thucydides.core.guice.Injectors - Created injector for module net.thucydides.core.guice.webdriver.WebDriverModule
12:07:00.402 [Test worker] INFO  - 

-------------------------------------------------------------------------------------
     _______. _______ .______       _______ .__   __.  __  .___________.____    ____ 
    /       ||   ____||   _  \     |   ____||  \ |  | |  | |           |\   \  /   / 
   |   (----`|  |__   |  |_)  |    |  |__   |   \|  | |  | `---|  |----` \   \/   /  
    \   \    |   __|  |      /     |   __|  |  . `  | |  |     |  |       \_    _/   
.----)   |   |  |____ |  |\  \----.|  |____ |  |\   | |  |     |  |         |  |     
|_______/    |_______|| _| `._____||_______||__| \__| |__|     |__|         |__|    
                                                                                     
 News and tutorials at http://www.serenity-bdd.info                                  
 Documentation at https://wakaleo.gitbooks.io/the-serenity-book/content/             
 Join the Serenity Community on Gitter: https://gitter.im/serenity-bdd/serenity-core 
 Serenity BDD Support and Training at http://serenity-bdd.info/#/trainingandsupport  
-------------------------------------------------------------------------------------

12:07:00.406 [Test worker] DEBUG net.thucydides.core.steps.StepEventBus - Test suite started for story net.thucydides.core.model.Story@f71f83e0
12:07:00.407 [Test worker] INFO  - Test Suite Started: Log in
12:07:00.423 [Test worker] INFO io.cucumber.core.plugin.SerenityReporter - Running feature from file:///Users/andresfelipe.burbano/BCP/apium-percy/serenitybdd-appium-poc/src/test/resources/features/login/log_in.feature
12:07:00.426 [Test worker] DEBUG net.thucydides.core.steps.StepEventBus - Test suite started for story net.thucydides.core.model.Story@f71f83e0
12:07:00.427 [Test worker] INFO  - Test Suite Started: Log in
12:07:27.814 [Test worker] DEBUG net.thucydides.core.reports.ReportService - Reporting formats: [JSON, HTML]
12:07:27.912 [Test worker] DEBUG net.thucydides.core.reports.ReportService - Reporting formats: [JSON, HTML]
12:07:27.919 [Test worker] DEBUG net.thucydides.core.reports.ReportService - Generating reports for 1 test outcomes using: net.thucydides.core.reports.json.JSONTestOutcomeReporter@11bac6d7
12:07:27.920 [pool-1-thread-1] DEBUG net.thucydides.core.reports.ReportService - Processing test outcome Log in:Try to log in with not valid credentials
12:07:27.921 [pool-1-thread-1] DEBUG net.thucydides.core.reports.ReportService - net.thucydides.core.reports.json.JSONTestOutcomeReporter@11bac6d7: Generating report for test outcome: Log in:Try to log in with not valid credentials
12:07:27.933 [pool-1-thread-1] DEBUG net.thucydides.core.reports.json.JSONTestOutcomeReporter - Generating JSON report for Try to log in with not valid credentials to file /Users/andresfelipe.burbano/BCP/apium-percy/serenitybdd-appium-poc/target/site/serenity/3b2c04a9bb9e1394fb6b4a2916f744b07c312fba1dcb03e9c93a7c1bd8da7fac.json (using temp file /Users/andresfelipe.burbano/BCP/apium-percy/serenitybdd-appium-poc/target/site/serenity/3b2c04a9bb9e1394fb6b4a2916f744b07c312fba1dcb03e9c93a7c1bd8da7fac.jsoncf7cc660-40c6-458a-8c91-54d440a9f39f)
12:07:27.957 [pool-1-thread-1] DEBUG net.thucydides.core.reports.ReportService - Processing test outcome Log in:Try to log in with not valid credentials done
12:07:27.958 [Test worker] DEBUG net.thucydides.core.reports.ReportService - Shutting down executor service
12:07:27.958 [Test worker] DEBUG net.thucydides.core.reports.ReportService - Reports generated in: 39 ms
12:07:27.958 [Test worker] DEBUG net.thucydides.core.reports.ReportService - Generating reports for 1 test outcomes using: net.thucydides.core.reports.html.HtmlAcceptanceTestReporter@24c9a52a
12:07:27.958 [pool-2-thread-1] DEBUG net.thucydides.core.reports.ReportService - Processing test outcome Log in:Try to log in with not valid credentials
12:07:27.958 [pool-2-thread-1] DEBUG net.thucydides.core.reports.ReportService - net.thucydides.core.reports.html.HtmlAcceptanceTestReporter@24c9a52a: Generating report for test outcome: Log in:Try to log in with not valid credentials
12:07:27.988 [pool-2-thread-1] DEBUG net.thucydides.core.requirements.FileSystemRequirementsTagProvider - Loading requirements from directory: /Users/andresfelipe.burbano/BCP/apium-percy/serenitybdd-appium-poc/src/test/resources/features/login (/Users/andresfelipe.burbano/BCP/apium-percy/serenitybdd-appium-poc/src/test/resources/features/login)
12:07:27.988 [pool-2-thread-1] DEBUG net.thucydides.core.requirements.FileSystemRequirementsTagProvider - Get requirements type for: /Users/andresfelipe.burbano/BCP/apium-percy/serenitybdd-appium-poc/src/test/resources/features/login (/Users/andresfelipe.burbano/BCP/apium-percy/serenitybdd-appium-poc/src/test/resources/features/login)
12:07:28.308 [AsyncHttpClient-1-1] DEBUG org.asynchttpclient.netty.channel.DefaultChannelPool - Entry count for : http://localhost:4723 : 1
12:07:29.411 [AsyncHttpClient-1-1] DEBUG org.asynchttpclient.netty.channel.DefaultChannelPool - Entry count for : http://localhost:4723 : 1
12:07:29.924 [pool-2-thread-1] DEBUG net.thucydides.core.reports.ReportService - Processing test outcome Log in:Try to log in with not valid credentials done
12:07:29.924 [Test worker] DEBUG net.thucydides.core.reports.ReportService - Shutting down executor service
12:07:29.924 [Test worker] DEBUG net.thucydides.core.reports.ReportService - Reports generated in: 1966 ms
12:07:30.007 [Test worker] DEBUG net.serenitybdd.core.photography.Darkroom - Closing darkroom
12:07:30.007 [Darkroom Processing Line] DEBUG net.serenitybdd.core.photography.DarkroomProcessingLine - Darkroom processing line shutting down
12:07:30.013 [Test worker] DEBUG net.serenitybdd.core.photography.Darkroom - Closing darkroom
]]></system-out>
  <system-err><![CDATA[?[32m?[1m┌───────────────────────────────────────────────────────────────────────────────────┐?[0m
?[32m?[1m│?[0m Share your Cucumber Report with your team at ?[36m?[1m?[4mhttps://reports.cucumber.io?[0m          ?[32m?[1m│?[0m
?[32m?[1m│?[0m Activate publishing with one of the following:                                    ?[32m?[1m│?[0m
?[32m?[1m│?[0m                                                                                   ?[32m?[1m│?[0m
?[32m?[1m│?[0m src/test/resources/cucumber.properties:          ?[36mcucumber.publish.enabled?[0m=?[36mtrue?[0m    ?[32m?[1m│?[0m
?[32m?[1m│?[0m src/test/resources/junit-platform.properties:    ?[36mcucumber.publish.enabled?[0m=?[36mtrue?[0m    ?[32m?[1m│?[0m
?[32m?[1m│?[0m Environment variable:                            ?[36mCUCUMBER_PUBLISH_ENABLED?[0m=?[36mtrue?[0m    ?[32m?[1m│?[0m
?[32m?[1m│?[0m JUnit:                                           ?[36m@CucumberOptions?[0m(publish = ?[36mtrue?[0m) ?[32m?[1m│?[0m
?[32m?[1m│?[0m                                                                                   ?[32m?[1m│?[0m
?[32m?[1m│?[0m More information at ?[36mhttps://cucumber.io/docs/cucumber/environment-variables/?[0m      ?[32m?[1m│?[0m
?[32m?[1m│?[0m                                                                                   ?[32m?[1m│?[0m
?[32m?[1m│?[0m Disable this message with one of the following:                                   ?[32m?[1m│?[0m
?[32m?[1m│?[0m                                                                                   ?[32m?[1m│?[0m
?[32m?[1m│?[0m src/test/resources/cucumber.properties:          ?[36mcucumber.publish.quiet?[0m=?[36mtrue?[0m      ?[32m?[1m│?[0m
?[32m?[1m│?[0m src/test/resources/junit-platform.properties:    ?[36mcucumber.publish.quiet?[0m=?[36mtrue?[0m      ?[32m?[1m│?[0m
?[32m?[1m└───────────────────────────────────────────────────────────────────────────────────┘?[0m
]]></system-err>
</testsuite>
