<?xml version="1.0" encoding="UTF-8"?>
<testsuite name="Log in" tests="1" skipped="0" failures="0" errors="0" timestamp="2023-03-02T17:07:00" hostname="CO-IT019030" time="27.381">
  <properties/>
  <testcase name="Try to log in with not valid credentials" classname="Log in" time="27.381"/>
  <system-out><![CDATA[12:07:00.493 [Test worker] INFO io.cucumber.core.plugin.SerenityReporter - Running feature from file:///Users/andresfelipe.burbano/BCP/apium-percy/serenitybdd-appium-poc/src/test/resources/features/login/log_in.feature
12:07:00.576 [Test worker] INFO  - 
  _____   ___   ___   _____     ___   _____     _     ___   _____   ___   ___  
 |_   _| | __| / __| |_   _|   / __| |_   _|   /_\   | _ \ |_   _| | __| |   \ 
   | |   | _|  \__ \   | |     \__ \   | |    / _ \  |   /   | |   | _|  | |) |
   |_|   |___| |___/   |_|     |___/   |_|   /_/ \_\ |_|_\   |_|   |___| |___/ 

Try to log in with not valid credentials(log-in;try-to-log-in-with-not-valid-credentials)
--------------------------------------------------------------------------------
12:07:00.626 [Test worker] DEBUG net.thucydides.core.requirements.FileSystemRequirementsTagProvider - Loading requirements from directory: /Users/andresfelipe.burbano/BCP/apium-percy/serenitybdd-appium-poc/src/test/resources/features/login (/Users/andresfelipe.burbano/BCP/apium-percy/serenitybdd-appium-poc/src/test/resources/features/login)
12:07:00.626 [Test worker] DEBUG net.thucydides.core.requirements.FileSystemRequirementsTagProvider - Get requirements type for: /Users/andresfelipe.burbano/BCP/apium-percy/serenitybdd-appium-poc/src/test/resources/features/login (/Users/andresfelipe.burbano/BCP/apium-percy/serenitybdd-appium-poc/src/test/resources/features/login)
12:07:01.414 [Test worker] DEBUG net.thucydides.core.reflection.ClassFinder - Could not load class .starter.CucumberTestSuite
12:07:01.414 [Test worker] DEBUG net.thucydides.core.reflection.ClassFinder - Could not load class .starter.stepdefinitions.LogInStepDefinitions
12:07:01.414 [Test worker] DEBUG net.thucydides.core.reflection.ClassFinder - Could not load class .starter.task.Login
12:07:01.414 [Test worker] DEBUG net.thucydides.core.reflection.ClassFinder - Could not load class .starter.task.NavigateTo
12:07:01.414 [Test worker] DEBUG net.thucydides.core.reflection.ClassFinder - Could not load class .starter.ui.HomeView
12:07:01.414 [Test worker] DEBUG net.thucydides.core.reflection.ClassFinder - Could not load class .starter.ui.LoginView
12:07:01.415 [Test worker] DEBUG net.thucydides.core.reflection.ClassFinder - Could not load class META-INF.versions.9.com.sun.istack.logging.StackHelper
12:07:01.415 [Test worker] DEBUG net.thucydides.core.reflection.ClassFinder - Could not load class META-INF.versions.9.com.sun.xml.bind.v2.runtime.reflect.opt.AccessorInjector
12:07:01.416 [Test worker] DEBUG net.thucydides.core.reflection.ClassFinder - Could not load class META-INF.versions.9.com.sun.xml.bind.v2.runtime.reflect.opt.Injector
12:07:01.416 [Test worker] DEBUG net.thucydides.core.reflection.ClassFinder - Could not load class META-INF.versions.9.com.sun.xml.bind.v2.runtime.reflect.opt.OptimizedAccessorFactory
12:07:01.416 [Test worker] DEBUG net.thucydides.core.reflection.ClassFinder - Could not load class META-INF.versions.9.com.sun.xml.bind.v2.runtime.reflect.opt.OptimizedTransducedAccessorFactory
12:07:01.417 [Test worker] DEBUG net.thucydides.core.reflection.ClassFinder - Could not load class META-INF.versions.9.io.opentelemetry.sdk.internal.CurrentJavaVersionSpecific
12:07:01.417 [Test worker] DEBUG net.thucydides.core.reflection.ClassFinder - Could not load class META-INF.versions.9.io.opentelemetry.sdk.internal.Java9VersionSpecific
12:07:01.418 [Test worker] DEBUG net.thucydides.core.reflection.ClassFinder - Could not load class META-INF.versions.9.javax.xml.bind.ModuleUtil
12:07:01.418 [Test worker] DEBUG net.thucydides.core.reflection.ClassFinder - Could not load class META-INF.versions.9.module-info
12:07:01.419 [Test worker] DEBUG net.thucydides.core.reflection.ClassFinder - Could not load class META-INF.versions.9.org.junit.platform.commons.util.ModuleUtils
12:07:01.670 [Test worker] DEBUG net.thucydides.core.reflection.ClassFinder - Could not load class com.google.gson.internal.
12:07:01.801 [Test worker] DEBUG net.thucydides.core.reflection.ClassFinder - Could not load class com.sun.xml.bind.v2.runtime.output.FastInfosetStreamWriterOutput
12:07:02.109 [Test worker] DEBUG net.thucydides.core.reflection.ClassFinder - Could not load class module-info
12:07:03.938 [Test worker] DEBUG io.netty.util.internal.logging.InternalLoggerFactory - Using SLF4J as the default logging framework
12:07:03.941 [Test worker] DEBUG io.netty.util.ResourceLeakDetector - -Dio.netty.leakDetection.level: simple
12:07:03.942 [Test worker] DEBUG io.netty.util.ResourceLeakDetector - -Dio.netty.leakDetection.targetRecords: 4
12:07:03.945 [Test worker] DEBUG io.netty.util.ResourceLeakDetectorFactory - Loaded default ResourceLeakDetector: io.netty.util.ResourceLeakDetector@25502b1c
12:07:03.968 [Test worker] DEBUG io.netty.util.internal.PlatformDependent0 - -Dio.netty.noUnsafe: false
12:07:03.968 [Test worker] DEBUG io.netty.util.internal.PlatformDependent0 - Java version: 16
12:07:03.970 [Test worker] DEBUG io.netty.util.internal.PlatformDependent0 - sun.misc.Unsafe.theUnsafe: available
12:07:03.971 [Test worker] DEBUG io.netty.util.internal.PlatformDependent0 - sun.misc.Unsafe.copyMemory: available
12:07:03.972 [Test worker] DEBUG io.netty.util.internal.PlatformDependent0 - sun.misc.Unsafe.storeFence: available
12:07:03.973 [Test worker] DEBUG io.netty.util.internal.PlatformDependent0 - java.nio.Buffer.address: available
12:07:03.975 [Test worker] DEBUG io.netty.util.internal.PlatformDependent0 - direct buffer constructor: unavailable: Reflective setAccessible(true) disabled
12:07:03.976 [Test worker] DEBUG io.netty.util.internal.PlatformDependent0 - java.nio.Bits.unaligned: available, true
12:07:03.978 [Test worker] DEBUG io.netty.util.internal.PlatformDependent0 - jdk.internal.misc.Unsafe.allocateUninitializedArray(int): unavailable: class io.netty.util.internal.PlatformDependent0$7 cannot access class jdk.internal.misc.Unsafe (in module java.base) because module java.base does not export jdk.internal.misc to unnamed module @5c6648b0
12:07:03.979 [Test worker] DEBUG io.netty.util.internal.PlatformDependent0 - java.nio.DirectByteBuffer.<init>(long, int): unavailable
12:07:03.980 [Test worker] DEBUG io.netty.util.internal.PlatformDependent - sun.misc.Unsafe: available
12:07:03.994 [Test worker] DEBUG io.netty.util.internal.PlatformDependent - maxDirectMemory: 536870912 bytes (maybe)
12:07:03.994 [Test worker] DEBUG io.netty.util.internal.PlatformDependent - -Dio.netty.tmpdir: /var/folders/8t/402n9f2d36n5w0p9wh9jdkj80000gr/T (java.io.tmpdir)
12:07:03.994 [Test worker] DEBUG io.netty.util.internal.PlatformDependent - -Dio.netty.bitMode: 64 (sun.arch.data.model)
12:07:03.994 [Test worker] DEBUG io.netty.util.internal.PlatformDependent - Platform: MacOS
12:07:03.995 [Test worker] DEBUG io.netty.util.internal.PlatformDependent - -Dio.netty.maxDirectMemory: -1 bytes
12:07:03.995 [Test worker] DEBUG io.netty.util.internal.PlatformDependent - -Dio.netty.uninitializedArrayAllocationThreshold: -1
12:07:03.996 [Test worker] DEBUG io.netty.util.internal.CleanerJava9 - java.nio.ByteBuffer.cleaner(): available
12:07:03.996 [Test worker] DEBUG io.netty.util.internal.PlatformDependent - -Dio.netty.noPreferDirect: false
12:07:04.003 [Test worker] DEBUG io.netty.util.internal.PlatformDependent - org.jctools-core.MpscChunkedArrayQueue: available
12:07:04.029 [Test worker] DEBUG io.netty.util.internal.InternalThreadLocalMap - -Dio.netty.threadLocalMap.stringBuilder.initialSize: 1024
12:07:04.029 [Test worker] DEBUG io.netty.util.internal.InternalThreadLocalMap - -Dio.netty.threadLocalMap.stringBuilder.maxSize: 4096
12:07:04.144 [Test worker] DEBUG io.netty.handler.ssl.JdkSslContext - Default protocols (JDK): [TLSv1.3, TLSv1.2] 
12:07:04.144 [Test worker] DEBUG io.netty.handler.ssl.JdkSslContext - Default cipher suites (JDK): [TLS_ECDHE_ECDSA_WITH_AES_256_GCM_SHA384, TLS_ECDHE_ECDSA_WITH_AES_128_GCM_SHA256, TLS_ECDHE_RSA_WITH_AES_128_GCM_SHA256, TLS_ECDHE_RSA_WITH_AES_256_GCM_SHA384, TLS_ECDHE_RSA_WITH_AES_128_CBC_SHA, TLS_ECDHE_RSA_WITH_AES_256_CBC_SHA, TLS_RSA_WITH_AES_128_GCM_SHA256, TLS_RSA_WITH_AES_128_CBC_SHA, TLS_RSA_WITH_AES_256_CBC_SHA, TLS_AES_128_GCM_SHA256, TLS_AES_256_GCM_SHA384]
12:07:04.170 [Test worker] DEBUG io.netty.channel.MultithreadEventLoopGroup - -Dio.netty.eventLoopThreads: 24
12:07:04.178 [Test worker] DEBUG io.netty.channel.nio.NioEventLoop - -Dio.netty.noKeySetOptimization: false
12:07:04.179 [Test worker] DEBUG io.netty.channel.nio.NioEventLoop - -Dio.netty.selectorAutoRebuildThreshold: 512
12:07:04.207 [Test worker] DEBUG io.netty.buffer.PooledByteBufAllocator - -Dio.netty.allocator.numHeapArenas: 21
12:07:04.208 [Test worker] DEBUG io.netty.buffer.PooledByteBufAllocator - -Dio.netty.allocator.numDirectArenas: 21
12:07:04.208 [Test worker] DEBUG io.netty.buffer.PooledByteBufAllocator - -Dio.netty.allocator.pageSize: 8192
12:07:04.208 [Test worker] DEBUG io.netty.buffer.PooledByteBufAllocator - -Dio.netty.allocator.maxOrder: 9
12:07:04.208 [Test worker] DEBUG io.netty.buffer.PooledByteBufAllocator - -Dio.netty.allocator.chunkSize: 4194304
12:07:04.208 [Test worker] DEBUG io.netty.buffer.PooledByteBufAllocator - -Dio.netty.allocator.smallCacheSize: 256
12:07:04.208 [Test worker] DEBUG io.netty.buffer.PooledByteBufAllocator - -Dio.netty.allocator.normalCacheSize: 64
12:07:04.208 [Test worker] DEBUG io.netty.buffer.PooledByteBufAllocator - -Dio.netty.allocator.maxCachedBufferCapacity: 32768
12:07:04.208 [Test worker] DEBUG io.netty.buffer.PooledByteBufAllocator - -Dio.netty.allocator.cacheTrimInterval: 8192
12:07:04.208 [Test worker] DEBUG io.netty.buffer.PooledByteBufAllocator - -Dio.netty.allocator.cacheTrimIntervalMillis: 0
12:07:04.208 [Test worker] DEBUG io.netty.buffer.PooledByteBufAllocator - -Dio.netty.allocator.useCacheForAllThreads: false
12:07:04.209 [Test worker] DEBUG io.netty.buffer.PooledByteBufAllocator - -Dio.netty.allocator.maxCachedByteBuffersPerChunk: 1023
12:07:04.221 [Test worker] DEBUG io.netty.buffer.ByteBufUtil - -Dio.netty.allocator.type: pooled
12:07:04.221 [Test worker] DEBUG io.netty.buffer.ByteBufUtil - -Dio.netty.threadLocalDirectBufferSize: 0
12:07:04.221 [Test worker] DEBUG io.netty.buffer.ByteBufUtil - -Dio.netty.maxThreadLocalCharBufferSize: 16384
12:07:04.393 [Forwarding newSession on session null to remote] DEBUG io.netty.channel.DefaultChannelId - -Dio.netty.processId: 11288 (auto-detected)
12:07:04.395 [Forwarding newSession on session null to remote] DEBUG io.netty.util.NetUtil - -Djava.net.preferIPv4Stack: false
12:07:04.395 [Forwarding newSession on session null to remote] DEBUG io.netty.util.NetUtil - -Djava.net.preferIPv6Addresses: false
12:07:04.403 [Forwarding newSession on session null to remote] DEBUG io.netty.util.NetUtilInitializations - Loopback interface: lo0 (lo0, 0:0:0:0:0:0:0:1%lo0)
12:07:04.404 [Forwarding newSession on session null to remote] DEBUG io.netty.util.NetUtil - Failed to get SOMAXCONN from sysctl and file /proc/sys/net/core/somaxconn. Default: 128
12:07:04.408 [Forwarding newSession on session null to remote] DEBUG io.netty.channel.DefaultChannelId - -Dio.netty.machineId: 5c:52:30:ff:fe:9a:8d:01 (auto-detected)
12:07:04.455 [AsyncHttpClient-1-2] DEBUG io.netty.buffer.AbstractByteBuf - -Dio.netty.buffer.checkAccessible: true
12:07:04.455 [AsyncHttpClient-1-2] DEBUG io.netty.buffer.AbstractByteBuf - -Dio.netty.buffer.checkBounds: true
12:07:04.455 [AsyncHttpClient-1-2] DEBUG io.netty.util.ResourceLeakDetectorFactory - Loaded default ResourceLeakDetector: io.netty.util.ResourceLeakDetector@32fe9471
12:07:04.464 [AsyncHttpClient-1-2] DEBUG org.asynchttpclient.netty.channel.NettyConnectListener - Using new Channel '[id: 0x12d70145, L:/127.0.0.1:59904 - R:localhost/127.0.0.1:4723]' for 'POST' to '/wd/hub/session'
12:07:04.477 [AsyncHttpClient-1-2] DEBUG io.netty.util.Recycler - -Dio.netty.recycler.maxCapacityPerThread: 4096
12:07:04.478 [AsyncHttpClient-1-2] DEBUG io.netty.util.Recycler - -Dio.netty.recycler.ratio: 8
12:07:04.478 [AsyncHttpClient-1-2] DEBUG io.netty.util.Recycler - -Dio.netty.recycler.chunkSize: 32
12:07:04.478 [AsyncHttpClient-1-2] DEBUG io.netty.util.Recycler - -Dio.netty.recycler.blocking: false
12:07:19.769 [AsyncHttpClient-1-2] DEBUG io.netty.handler.codec.compression.Brotli - brotli4j not in the classpath; Brotli support will be unavailable.
12:07:19.770 [AsyncHttpClient-1-2] DEBUG org.asynchttpclient.netty.handler.HttpHandler - 

Request DefaultHttpRequest(decodeResult: success, version: HTTP/1.1)
POST /wd/hub/session HTTP/1.1
X-Idempotency-Key: 9d71c9ac-282b-4b37-8128-091fbbb4eec0
User-Agent: selenium/4.5.3 (java mac)
Content-Length: 549
Content-Type: application/json; charset=utf-8
host: localhost:4723
accept: */*

Response DefaultHttpResponse(decodeResult: success, version: HTTP/1.1)
HTTP/1.1 200 OK
X-Powered-By: Express
Vary: X-HTTP-Method-Override
Content-Type: application/json; charset=utf-8
ETag: W/"48a-ky2hoNBWVGLtvMhKEESHaCzyZG0"
Date: Thu, 02 Mar 2023 17:07:19 GMT
Connection: keep-alive
content-length: 1162

12:07:19.779 [AsyncHttpClient-1-2] DEBUG org.asynchttpclient.netty.channel.ChannelManager - Adding key: http://localhost:4723 for channel [id: 0x12d70145, L:/127.0.0.1:59904 - R:localhost/127.0.0.1:4723]
12:07:20.268 [Test worker] DEBUG net.thucydides.core.reflection.ClassFinder - Could not load class .starter.CucumberTestSuite
12:07:20.269 [Test worker] DEBUG net.thucydides.core.reflection.ClassFinder - Could not load class .starter.stepdefinitions.LogInStepDefinitions
12:07:20.269 [Test worker] DEBUG net.thucydides.core.reflection.ClassFinder - Could not load class .starter.task.Login
12:07:20.269 [Test worker] DEBUG net.thucydides.core.reflection.ClassFinder - Could not load class .starter.task.NavigateTo
12:07:20.269 [Test worker] DEBUG net.thucydides.core.reflection.ClassFinder - Could not load class .starter.ui.HomeView
12:07:20.269 [Test worker] DEBUG net.thucydides.core.reflection.ClassFinder - Could not load class .starter.ui.LoginView
12:07:20.270 [Test worker] DEBUG net.thucydides.core.reflection.ClassFinder - Could not load class META-INF.versions.9.com.sun.istack.logging.StackHelper
12:07:20.270 [Test worker] DEBUG net.thucydides.core.reflection.ClassFinder - Could not load class META-INF.versions.9.com.sun.xml.bind.v2.runtime.reflect.opt.AccessorInjector
12:07:20.271 [Test worker] DEBUG net.thucydides.core.reflection.ClassFinder - Could not load class META-INF.versions.9.com.sun.xml.bind.v2.runtime.reflect.opt.Injector
12:07:20.271 [Test worker] DEBUG net.thucydides.core.reflection.ClassFinder - Could not load class META-INF.versions.9.com.sun.xml.bind.v2.runtime.reflect.opt.OptimizedAccessorFactory
12:07:20.271 [Test worker] DEBUG net.thucydides.core.reflection.ClassFinder - Could not load class META-INF.versions.9.com.sun.xml.bind.v2.runtime.reflect.opt.OptimizedTransducedAccessorFactory
12:07:20.272 [Test worker] DEBUG net.thucydides.core.reflection.ClassFinder - Could not load class META-INF.versions.9.io.opentelemetry.sdk.internal.CurrentJavaVersionSpecific
12:07:20.272 [Test worker] DEBUG net.thucydides.core.reflection.ClassFinder - Could not load class META-INF.versions.9.io.opentelemetry.sdk.internal.Java9VersionSpecific
12:07:20.273 [Test worker] DEBUG net.thucydides.core.reflection.ClassFinder - Could not load class META-INF.versions.9.javax.xml.bind.ModuleUtil
12:07:20.273 [Test worker] DEBUG net.thucydides.core.reflection.ClassFinder - Could not load class META-INF.versions.9.module-info
12:07:20.274 [Test worker] DEBUG net.thucydides.core.reflection.ClassFinder - Could not load class META-INF.versions.9.org.junit.platform.commons.util.ModuleUtils
12:07:20.276 [Test worker] DEBUG net.thucydides.core.reflection.ClassFinder - Could not load class com.google.gson.internal.
12:07:20.277 [Test worker] DEBUG net.thucydides.core.reflection.ClassFinder - Could not load class com.sun.xml.bind.v2.runtime.output.FastInfosetStreamWriterOutput
12:07:20.280 [Test worker] DEBUG net.thucydides.core.reflection.ClassFinder - Could not load class module-info
12:07:20.390 [Test worker] DEBUG net.serenitybdd.core.photography.Darkroom - Opening darkroom
12:07:20.392 [Darkroom Processing Line] DEBUG net.serenitybdd.core.photography.DarkroomProcessingLine - Darkroom processing line starting up
12:07:20.403 [Forwarding getCurrentWindowHandle on session 8ba94d58-901f-4475-b7fb-66ac52510caf to remote] DEBUG org.asynchttpclient.netty.request.NettyRequestSender - Using pooled Channel '[id: 0x12d70145, L:/127.0.0.1:59904 - R:localhost/127.0.0.1:4723]' for 'GET' to 'http://localhost:4723/wd/hub/session/8ba94d58-901f-4475-b7fb-66ac52510caf/window'
12:07:20.404 [Forwarding getCurrentWindowHandle on session 8ba94d58-901f-4475-b7fb-66ac52510caf to remote] DEBUG org.asynchttpclient.netty.request.NettyRequestSender - Using open Channel [id: 0x12d70145, L:/127.0.0.1:59904 - R:localhost/127.0.0.1:4723] for GET '/wd/hub/session/8ba94d58-901f-4475-b7fb-66ac52510caf/window'
12:07:20.426 [AsyncHttpClient-1-2] DEBUG org.asynchttpclient.netty.handler.HttpHandler - 

Request DefaultFullHttpRequest(decodeResult: success, version: HTTP/1.1, content: EmptyByteBufBE)
GET /wd/hub/session/8ba94d58-901f-4475-b7fb-66ac52510caf/window HTTP/1.1
User-Agent: selenium/4.5.3 (java mac)
Cache-Control: no-cache
Content-Type: application/json; charset=utf-8
host: localhost:4723
accept: */*

Response DefaultHttpResponse(decodeResult: success, version: HTTP/1.1)
HTTP/1.1 404 Not Found
X-Powered-By: Express
Content-Type: application/json; charset=utf-8
ETag: W/"dc9-1p46SNnIG6GxUYvzfhKldWCLeEA"
Date: Thu, 02 Mar 2023 17:07:20 GMT
Connection: keep-alive
content-length: 3529

12:07:20.427 [AsyncHttpClient-1-2] DEBUG org.asynchttpclient.netty.channel.ChannelManager - Adding key: http://localhost:4723 for channel [id: 0x12d70145, L:/127.0.0.1:59904 - R:localhost/127.0.0.1:4723]
12:07:20.436 [Forwarding screenshot on session 8ba94d58-901f-4475-b7fb-66ac52510caf to remote] DEBUG org.asynchttpclient.netty.request.NettyRequestSender - Using pooled Channel '[id: 0x12d70145, L:/127.0.0.1:59904 - R:localhost/127.0.0.1:4723]' for 'GET' to 'http://localhost:4723/wd/hub/session/8ba94d58-901f-4475-b7fb-66ac52510caf/screenshot'
12:07:20.437 [Forwarding screenshot on session 8ba94d58-901f-4475-b7fb-66ac52510caf to remote] DEBUG org.asynchttpclient.netty.request.NettyRequestSender - Using open Channel [id: 0x12d70145, L:/127.0.0.1:59904 - R:localhost/127.0.0.1:4723] for GET '/wd/hub/session/8ba94d58-901f-4475-b7fb-66ac52510caf/screenshot'
12:07:20.856 [AsyncHttpClient-1-2] DEBUG org.asynchttpclient.netty.handler.HttpHandler - 

Request DefaultFullHttpRequest(decodeResult: success, version: HTTP/1.1, content: EmptyByteBufBE)
GET /wd/hub/session/8ba94d58-901f-4475-b7fb-66ac52510caf/screenshot HTTP/1.1
User-Agent: selenium/4.5.3 (java mac)
Cache-Control: no-cache
Content-Type: application/json; charset=utf-8
host: localhost:4723
accept: */*

Response DefaultHttpResponse(decodeResult: success, version: HTTP/1.1)
HTTP/1.1 200 OK
X-Powered-By: Express
Content-Type: application/json; charset=utf-8
ETag: W/"661a4-q/HekyVo3WUlyIQnazMLI4PJWSs"
Date: Thu, 02 Mar 2023 17:07:20 GMT
Connection: keep-alive
content-length: 418212

12:07:20.861 [AsyncHttpClient-1-2] DEBUG org.asynchttpclient.netty.channel.ChannelManager - Adding key: http://localhost:4723 for channel [id: 0x12d70145, L:/127.0.0.1:59904 - R:localhost/127.0.0.1:4723]
12:07:20.879 [Test worker] WARN net.thucydides.core.webdriver.WebDriverFacade - Failed to take screenshot (Illegal base64 character a)
12:07:20.888 [Forwarding getPageSource on session 8ba94d58-901f-4475-b7fb-66ac52510caf to remote] DEBUG org.asynchttpclient.netty.request.NettyRequestSender - Using pooled Channel '[id: 0x12d70145, L:/127.0.0.1:59904 - R:localhost/127.0.0.1:4723]' for 'GET' to 'http://localhost:4723/wd/hub/session/8ba94d58-901f-4475-b7fb-66ac52510caf/source'
12:07:20.889 [Forwarding getPageSource on session 8ba94d58-901f-4475-b7fb-66ac52510caf to remote] DEBUG org.asynchttpclient.netty.request.NettyRequestSender - Using open Channel [id: 0x12d70145, L:/127.0.0.1:59904 - R:localhost/127.0.0.1:4723] for GET '/wd/hub/session/8ba94d58-901f-4475-b7fb-66ac52510caf/source'
12:07:21.249 [AsyncHttpClient-1-2] DEBUG org.asynchttpclient.netty.handler.HttpHandler - 

Request DefaultFullHttpRequest(decodeResult: success, version: HTTP/1.1, content: EmptyByteBufBE)
GET /wd/hub/session/8ba94d58-901f-4475-b7fb-66ac52510caf/source HTTP/1.1
User-Agent: selenium/4.5.3 (java mac)
Cache-Control: no-cache
Content-Type: application/json; charset=utf-8
host: localhost:4723
accept: */*

Response DefaultHttpResponse(decodeResult: success, version: HTTP/1.1)
HTTP/1.1 200 OK
X-Powered-By: Express
Content-Type: application/json; charset=utf-8
ETag: W/"8299-r4+XGgxXzbrRgnOiTQVk2dQE/rI"
Date: Thu, 02 Mar 2023 17:07:21 GMT
Connection: keep-alive
content-length: 33433

12:07:21.249 [AsyncHttpClient-1-2] DEBUG org.asynchttpclient.netty.channel.ChannelManager - Adding key: http://localhost:4723 for channel [id: 0x12d70145, L:/127.0.0.1:59904 - R:localhost/127.0.0.1:4723]
12:07:21.368 [Test worker] DEBUG net.thucydides.core.steps.StepInterceptor - STARTING STEP: LogInStepDefinitions.john_want_to_create_a_new_post - performAs
12:07:21.404 [Forwarding getCurrentWindowHandle on session 8ba94d58-901f-4475-b7fb-66ac52510caf to remote] DEBUG org.asynchttpclient.netty.request.NettyRequestSender - Using pooled Channel '[id: 0x12d70145, L:/127.0.0.1:59904 - R:localhost/127.0.0.1:4723]' for 'GET' to 'http://localhost:4723/wd/hub/session/8ba94d58-901f-4475-b7fb-66ac52510caf/window'
12:07:21.404 [Forwarding getCurrentWindowHandle on session 8ba94d58-901f-4475-b7fb-66ac52510caf to remote] DEBUG org.asynchttpclient.netty.request.NettyRequestSender - Using open Channel [id: 0x12d70145, L:/127.0.0.1:59904 - R:localhost/127.0.0.1:4723] for GET '/wd/hub/session/8ba94d58-901f-4475-b7fb-66ac52510caf/window'
12:07:21.417 [AsyncHttpClient-1-2] DEBUG org.asynchttpclient.netty.handler.HttpHandler - 

Request DefaultFullHttpRequest(decodeResult: success, version: HTTP/1.1, content: EmptyByteBufBE)
GET /wd/hub/session/8ba94d58-901f-4475-b7fb-66ac52510caf/window HTTP/1.1
User-Agent: selenium/4.5.3 (java mac)
Cache-Control: no-cache
Content-Type: application/json; charset=utf-8
host: localhost:4723
accept: */*

Response DefaultHttpResponse(decodeResult: success, version: HTTP/1.1)
HTTP/1.1 404 Not Found
X-Powered-By: Express
Content-Type: application/json; charset=utf-8
ETag: W/"dc9-1p46SNnIG6GxUYvzfhKldWCLeEA"
Date: Thu, 02 Mar 2023 17:07:21 GMT
Connection: keep-alive
content-length: 3529

12:07:21.418 [AsyncHttpClient-1-2] DEBUG org.asynchttpclient.netty.channel.ChannelManager - Adding key: http://localhost:4723 for channel [id: 0x12d70145, L:/127.0.0.1:59904 - R:localhost/127.0.0.1:4723]
12:07:21.421 [Forwarding screenshot on session 8ba94d58-901f-4475-b7fb-66ac52510caf to remote] DEBUG org.asynchttpclient.netty.request.NettyRequestSender - Using pooled Channel '[id: 0x12d70145, L:/127.0.0.1:59904 - R:localhost/127.0.0.1:4723]' for 'GET' to 'http://localhost:4723/wd/hub/session/8ba94d58-901f-4475-b7fb-66ac52510caf/screenshot'
12:07:21.421 [Forwarding screenshot on session 8ba94d58-901f-4475-b7fb-66ac52510caf to remote] DEBUG org.asynchttpclient.netty.request.NettyRequestSender - Using open Channel [id: 0x12d70145, L:/127.0.0.1:59904 - R:localhost/127.0.0.1:4723] for GET '/wd/hub/session/8ba94d58-901f-4475-b7fb-66ac52510caf/screenshot'
12:07:21.724 [AsyncHttpClient-1-2] DEBUG org.asynchttpclient.netty.handler.HttpHandler - 

Request DefaultFullHttpRequest(decodeResult: success, version: HTTP/1.1, content: EmptyByteBufBE)
GET /wd/hub/session/8ba94d58-901f-4475-b7fb-66ac52510caf/screenshot HTTP/1.1
User-Agent: selenium/4.5.3 (java mac)
Cache-Control: no-cache
Content-Type: application/json; charset=utf-8
host: localhost:4723
accept: */*

Response DefaultHttpResponse(decodeResult: success, version: HTTP/1.1)
HTTP/1.1 200 OK
X-Powered-By: Express
Content-Type: application/json; charset=utf-8
ETag: W/"36106-K+q33/pZhb4gi9SP0GM6juJyYJc"
Date: Thu, 02 Mar 2023 17:07:21 GMT
Connection: keep-alive
content-length: 221446

12:07:21.726 [AsyncHttpClient-1-2] DEBUG org.asynchttpclient.netty.channel.ChannelManager - Adding key: http://localhost:4723 for channel [id: 0x12d70145, L:/127.0.0.1:59904 - R:localhost/127.0.0.1:4723]
12:07:21.733 [Test worker] WARN net.thucydides.core.webdriver.WebDriverFacade - Failed to take screenshot (Illegal base64 character a)
12:07:21.738 [Forwarding getPageSource on session 8ba94d58-901f-4475-b7fb-66ac52510caf to remote] DEBUG org.asynchttpclient.netty.request.NettyRequestSender - Using pooled Channel '[id: 0x12d70145, L:/127.0.0.1:59904 - R:localhost/127.0.0.1:4723]' for 'GET' to 'http://localhost:4723/wd/hub/session/8ba94d58-901f-4475-b7fb-66ac52510caf/source'
12:07:21.738 [Forwarding getPageSource on session 8ba94d58-901f-4475-b7fb-66ac52510caf to remote] DEBUG org.asynchttpclient.netty.request.NettyRequestSender - Using open Channel [id: 0x12d70145, L:/127.0.0.1:59904 - R:localhost/127.0.0.1:4723] for GET '/wd/hub/session/8ba94d58-901f-4475-b7fb-66ac52510caf/source'
12:07:21.886 [AsyncHttpClient-1-2] DEBUG org.asynchttpclient.netty.handler.HttpHandler - 

Request DefaultFullHttpRequest(decodeResult: success, version: HTTP/1.1, content: EmptyByteBufBE)
GET /wd/hub/session/8ba94d58-901f-4475-b7fb-66ac52510caf/source HTTP/1.1
User-Agent: selenium/4.5.3 (java mac)
Cache-Control: no-cache
Content-Type: application/json; charset=utf-8
host: localhost:4723
accept: */*

Response DefaultHttpResponse(decodeResult: success, version: HTTP/1.1)
HTTP/1.1 200 OK
X-Powered-By: Express
Content-Type: application/json; charset=utf-8
ETag: W/"8299-r4+XGgxXzbrRgnOiTQVk2dQE/rI"
Date: Thu, 02 Mar 2023 17:07:21 GMT
Connection: keep-alive
content-length: 33433

12:07:21.887 [AsyncHttpClient-1-2] DEBUG org.asynchttpclient.netty.channel.ChannelManager - Adding key: http://localhost:4723 for channel [id: 0x12d70145, L:/127.0.0.1:59904 - R:localhost/127.0.0.1:4723]
12:07:21.905 [Test worker] DEBUG net.thucydides.core.steps.StepInterceptor - STARTING STEP: NavigateTo.performAs - {0} clicks on #target
12:07:21.907 [Test worker] DEBUG net.serenitybdd.screenplay.targets.IFrameSwitcher - default content already selected for login link
12:07:21.976 [Forwarding findElement on session 8ba94d58-901f-4475-b7fb-66ac52510caf to remote] DEBUG org.asynchttpclient.netty.request.NettyRequestSender - Using pooled Channel '[id: 0x12d70145, L:/127.0.0.1:59904 - R:localhost/127.0.0.1:4723]' for 'POST' to 'http://localhost:4723/wd/hub/session/8ba94d58-901f-4475-b7fb-66ac52510caf/element'
12:07:21.977 [Forwarding findElement on session 8ba94d58-901f-4475-b7fb-66ac52510caf to remote] DEBUG org.asynchttpclient.netty.request.NettyRequestSender - Using open Channel [id: 0x12d70145, L:/127.0.0.1:59904 - R:localhost/127.0.0.1:4723] for POST '/wd/hub/session/8ba94d58-901f-4475-b7fb-66ac52510caf/element'
12:07:22.761 [AsyncHttpClient-1-2] DEBUG org.asynchttpclient.netty.handler.HttpHandler - 

Request DefaultHttpRequest(decodeResult: success, version: HTTP/1.1)
POST /wd/hub/session/8ba94d58-901f-4475-b7fb-66ac52510caf/element HTTP/1.1
User-Agent: selenium/4.5.3 (java mac)
Content-Length: 188
Content-Type: application/json; charset=utf-8
host: localhost:4723
accept: */*

Response DefaultHttpResponse(decodeResult: success, version: HTTP/1.1)
HTTP/1.1 200 OK
X-Powered-By: Express
Vary: X-HTTP-Method-Override
Content-Type: application/json; charset=utf-8
ETag: W/"89-f6mPvBnCqNsjVqKItT0DcA6Ayy0"
Date: Thu, 02 Mar 2023 17:07:22 GMT
Connection: keep-alive
content-length: 137

12:07:22.762 [AsyncHttpClient-1-2] DEBUG org.asynchttpclient.netty.channel.ChannelManager - Adding key: http://localhost:4723 for channel [id: 0x12d70145, L:/127.0.0.1:59904 - R:localhost/127.0.0.1:4723]
12:07:22.766 [Forwarding isElementDisplayed on session 8ba94d58-901f-4475-b7fb-66ac52510caf to remote] DEBUG org.asynchttpclient.netty.request.NettyRequestSender - Using pooled Channel '[id: 0x12d70145, L:/127.0.0.1:59904 - R:localhost/127.0.0.1:4723]' for 'GET' to 'http://localhost:4723/wd/hub/session/8ba94d58-901f-4475-b7fb-66ac52510caf/element/00000000-0000-0046-ffff-ffff00000025/displayed'
12:07:22.766 [Forwarding isElementDisplayed on session 8ba94d58-901f-4475-b7fb-66ac52510caf to remote] DEBUG org.asynchttpclient.netty.request.NettyRequestSender - Using open Channel [id: 0x12d70145, L:/127.0.0.1:59904 - R:localhost/127.0.0.1:4723] for GET '/wd/hub/session/8ba94d58-901f-4475-b7fb-66ac52510caf/element/00000000-0000-0046-ffff-ffff00000025/displayed'
12:07:22.780 [AsyncHttpClient-1-2] DEBUG org.asynchttpclient.netty.handler.HttpHandler - 

Request DefaultFullHttpRequest(decodeResult: success, version: HTTP/1.1, content: EmptyByteBufBE)
GET /wd/hub/session/8ba94d58-901f-4475-b7fb-66ac52510caf/element/00000000-0000-0046-ffff-ffff00000025/displayed HTTP/1.1
User-Agent: selenium/4.5.3 (java mac)
Cache-Control: no-cache
Content-Type: application/json; charset=utf-8
host: localhost:4723
accept: */*

Response DefaultHttpResponse(decodeResult: success, version: HTTP/1.1)
HTTP/1.1 200 OK
X-Powered-By: Express
Content-Type: application/json; charset=utf-8
ETag: W/"e-2ZHvAWebNQpyjGZTg6uyV8/spTo"
Date: Thu, 02 Mar 2023 17:07:22 GMT
Connection: keep-alive
content-length: 14

12:07:22.781 [AsyncHttpClient-1-2] DEBUG org.asynchttpclient.netty.channel.ChannelManager - Adding key: http://localhost:4723 for channel [id: 0x12d70145, L:/127.0.0.1:59904 - R:localhost/127.0.0.1:4723]
12:07:22.789 [Forwarding findElement on session 8ba94d58-901f-4475-b7fb-66ac52510caf to remote] DEBUG org.asynchttpclient.netty.request.NettyRequestSender - Using pooled Channel '[id: 0x12d70145, L:/127.0.0.1:59904 - R:localhost/127.0.0.1:4723]' for 'POST' to 'http://localhost:4723/wd/hub/session/8ba94d58-901f-4475-b7fb-66ac52510caf/element'
12:07:22.790 [Forwarding findElement on session 8ba94d58-901f-4475-b7fb-66ac52510caf to remote] DEBUG org.asynchttpclient.netty.request.NettyRequestSender - Using open Channel [id: 0x12d70145, L:/127.0.0.1:59904 - R:localhost/127.0.0.1:4723] for POST '/wd/hub/session/8ba94d58-901f-4475-b7fb-66ac52510caf/element'
12:07:22.867 [AsyncHttpClient-1-2] DEBUG org.asynchttpclient.netty.handler.HttpHandler - 

Request DefaultHttpRequest(decodeResult: success, version: HTTP/1.1)
POST /wd/hub/session/8ba94d58-901f-4475-b7fb-66ac52510caf/element HTTP/1.1
User-Agent: selenium/4.5.3 (java mac)
Content-Length: 188
Content-Type: application/json; charset=utf-8
host: localhost:4723
accept: */*

Response DefaultHttpResponse(decodeResult: success, version: HTTP/1.1)
HTTP/1.1 200 OK
X-Powered-By: Express
Vary: X-HTTP-Method-Override
Content-Type: application/json; charset=utf-8
ETag: W/"89-f6mPvBnCqNsjVqKItT0DcA6Ayy0"
Date: Thu, 02 Mar 2023 17:07:22 GMT
Connection: keep-alive
content-length: 137

12:07:22.868 [AsyncHttpClient-1-2] DEBUG org.asynchttpclient.netty.channel.ChannelManager - Adding key: http://localhost:4723 for channel [id: 0x12d70145, L:/127.0.0.1:59904 - R:localhost/127.0.0.1:4723]
12:07:22.869 [Forwarding clickElement on session 8ba94d58-901f-4475-b7fb-66ac52510caf to remote] DEBUG org.asynchttpclient.netty.request.NettyRequestSender - Using pooled Channel '[id: 0x12d70145, L:/127.0.0.1:59904 - R:localhost/127.0.0.1:4723]' for 'POST' to 'http://localhost:4723/wd/hub/session/8ba94d58-901f-4475-b7fb-66ac52510caf/element/00000000-0000-0046-ffff-ffff00000025/click'
12:07:22.869 [Forwarding clickElement on session 8ba94d58-901f-4475-b7fb-66ac52510caf to remote] DEBUG org.asynchttpclient.netty.request.NettyRequestSender - Using open Channel [id: 0x12d70145, L:/127.0.0.1:59904 - R:localhost/127.0.0.1:4723] for POST '/wd/hub/session/8ba94d58-901f-4475-b7fb-66ac52510caf/element/00000000-0000-0046-ffff-ffff00000025/click'
12:07:22.914 [AsyncHttpClient-1-2] DEBUG org.asynchttpclient.netty.handler.HttpHandler - 

Request DefaultHttpRequest(decodeResult: success, version: HTTP/1.1)
POST /wd/hub/session/8ba94d58-901f-4475-b7fb-66ac52510caf/element/00000000-0000-0046-ffff-ffff00000025/click HTTP/1.1
User-Agent: selenium/4.5.3 (java mac)
Content-Length: 50
Content-Type: application/json; charset=utf-8
host: localhost:4723
accept: */*

Response DefaultHttpResponse(decodeResult: success, version: HTTP/1.1)
HTTP/1.1 200 OK
X-Powered-By: Express
Vary: X-HTTP-Method-Override
Content-Type: application/json; charset=utf-8
ETag: W/"e-9/1BuKMgFObM1mWJm+YjxtXJnUM"
Date: Thu, 02 Mar 2023 17:07:22 GMT
Connection: keep-alive
content-length: 14

12:07:22.914 [AsyncHttpClient-1-2] DEBUG org.asynchttpclient.netty.channel.ChannelManager - Adding key: http://localhost:4723 for channel [id: 0x12d70145, L:/127.0.0.1:59904 - R:localhost/127.0.0.1:4723]
12:07:22.946 [Forwarding getCurrentWindowHandle on session 8ba94d58-901f-4475-b7fb-66ac52510caf to remote] DEBUG org.asynchttpclient.netty.request.NettyRequestSender - Using pooled Channel '[id: 0x12d70145, L:/127.0.0.1:59904 - R:localhost/127.0.0.1:4723]' for 'GET' to 'http://localhost:4723/wd/hub/session/8ba94d58-901f-4475-b7fb-66ac52510caf/window'
12:07:22.946 [Forwarding getCurrentWindowHandle on session 8ba94d58-901f-4475-b7fb-66ac52510caf to remote] DEBUG org.asynchttpclient.netty.request.NettyRequestSender - Using open Channel [id: 0x12d70145, L:/127.0.0.1:59904 - R:localhost/127.0.0.1:4723] for GET '/wd/hub/session/8ba94d58-901f-4475-b7fb-66ac52510caf/window'
12:07:22.964 [AsyncHttpClient-1-2] DEBUG org.asynchttpclient.netty.handler.HttpHandler - 

Request DefaultFullHttpRequest(decodeResult: success, version: HTTP/1.1, content: EmptyByteBufBE)
GET /wd/hub/session/8ba94d58-901f-4475-b7fb-66ac52510caf/window HTTP/1.1
User-Agent: selenium/4.5.3 (java mac)
Cache-Control: no-cache
Content-Type: application/json; charset=utf-8
host: localhost:4723
accept: */*

Response DefaultHttpResponse(decodeResult: success, version: HTTP/1.1)
HTTP/1.1 404 Not Found
X-Powered-By: Express
Content-Type: application/json; charset=utf-8
ETag: W/"dc9-1p46SNnIG6GxUYvzfhKldWCLeEA"
Date: Thu, 02 Mar 2023 17:07:22 GMT
Connection: keep-alive
content-length: 3529

12:07:22.965 [AsyncHttpClient-1-2] DEBUG org.asynchttpclient.netty.channel.ChannelManager - Adding key: http://localhost:4723 for channel [id: 0x12d70145, L:/127.0.0.1:59904 - R:localhost/127.0.0.1:4723]
12:07:22.968 [Forwarding screenshot on session 8ba94d58-901f-4475-b7fb-66ac52510caf to remote] DEBUG org.asynchttpclient.netty.request.NettyRequestSender - Using pooled Channel '[id: 0x12d70145, L:/127.0.0.1:59904 - R:localhost/127.0.0.1:4723]' for 'GET' to 'http://localhost:4723/wd/hub/session/8ba94d58-901f-4475-b7fb-66ac52510caf/screenshot'
12:07:22.968 [Forwarding screenshot on session 8ba94d58-901f-4475-b7fb-66ac52510caf to remote] DEBUG org.asynchttpclient.netty.request.NettyRequestSender - Using open Channel [id: 0x12d70145, L:/127.0.0.1:59904 - R:localhost/127.0.0.1:4723] for GET '/wd/hub/session/8ba94d58-901f-4475-b7fb-66ac52510caf/screenshot'
12:07:23.292 [AsyncHttpClient-1-2] DEBUG org.asynchttpclient.netty.handler.HttpHandler - 

Request DefaultFullHttpRequest(decodeResult: success, version: HTTP/1.1, content: EmptyByteBufBE)
GET /wd/hub/session/8ba94d58-901f-4475-b7fb-66ac52510caf/screenshot HTTP/1.1
User-Agent: selenium/4.5.3 (java mac)
Cache-Control: no-cache
Content-Type: application/json; charset=utf-8
host: localhost:4723
accept: */*

Response DefaultHttpResponse(decodeResult: success, version: HTTP/1.1)
HTTP/1.1 200 OK
X-Powered-By: Express
Content-Type: application/json; charset=utf-8
ETag: W/"36008-sdZnhRwLypon4qW/xMOVVgB3SqY"
Date: Thu, 02 Mar 2023 17:07:23 GMT
Connection: keep-alive
content-length: 221192

12:07:23.293 [AsyncHttpClient-1-2] DEBUG org.asynchttpclient.netty.channel.ChannelManager - Adding key: http://localhost:4723 for channel [id: 0x12d70145, L:/127.0.0.1:59904 - R:localhost/127.0.0.1:4723]
12:07:23.298 [Test worker] WARN net.thucydides.core.webdriver.WebDriverFacade - Failed to take screenshot (Illegal base64 character a)
12:07:23.298 [Test worker] DEBUG net.thucydides.core.steps.StepInterceptor - STEP DONE: {0} clicks on #target
12:07:23.323 [Forwarding getCurrentWindowHandle on session 8ba94d58-901f-4475-b7fb-66ac52510caf to remote] DEBUG org.asynchttpclient.netty.request.NettyRequestSender - Using pooled Channel '[id: 0x12d70145, L:/127.0.0.1:59904 - R:localhost/127.0.0.1:4723]' for 'GET' to 'http://localhost:4723/wd/hub/session/8ba94d58-901f-4475-b7fb-66ac52510caf/window'
12:07:23.323 [Forwarding getCurrentWindowHandle on session 8ba94d58-901f-4475-b7fb-66ac52510caf to remote] DEBUG org.asynchttpclient.netty.request.NettyRequestSender - Using open Channel [id: 0x12d70145, L:/127.0.0.1:59904 - R:localhost/127.0.0.1:4723] for GET '/wd/hub/session/8ba94d58-901f-4475-b7fb-66ac52510caf/window'
12:07:23.340 [AsyncHttpClient-1-2] DEBUG org.asynchttpclient.netty.handler.HttpHandler - 

Request DefaultFullHttpRequest(decodeResult: success, version: HTTP/1.1, content: EmptyByteBufBE)
GET /wd/hub/session/8ba94d58-901f-4475-b7fb-66ac52510caf/window HTTP/1.1
User-Agent: selenium/4.5.3 (java mac)
Cache-Control: no-cache
Content-Type: application/json; charset=utf-8
host: localhost:4723
accept: */*

Response DefaultHttpResponse(decodeResult: success, version: HTTP/1.1)
HTTP/1.1 404 Not Found
X-Powered-By: Express
Content-Type: application/json; charset=utf-8
ETag: W/"dc9-1p46SNnIG6GxUYvzfhKldWCLeEA"
Date: Thu, 02 Mar 2023 17:07:23 GMT
Connection: keep-alive
content-length: 3529

12:07:23.341 [AsyncHttpClient-1-2] DEBUG org.asynchttpclient.netty.channel.ChannelManager - Adding key: http://localhost:4723 for channel [id: 0x12d70145, L:/127.0.0.1:59904 - R:localhost/127.0.0.1:4723]
12:07:23.343 [Forwarding screenshot on session 8ba94d58-901f-4475-b7fb-66ac52510caf to remote] DEBUG org.asynchttpclient.netty.request.NettyRequestSender - Using pooled Channel '[id: 0x12d70145, L:/127.0.0.1:59904 - R:localhost/127.0.0.1:4723]' for 'GET' to 'http://localhost:4723/wd/hub/session/8ba94d58-901f-4475-b7fb-66ac52510caf/screenshot'
12:07:23.344 [Forwarding screenshot on session 8ba94d58-901f-4475-b7fb-66ac52510caf to remote] DEBUG org.asynchttpclient.netty.request.NettyRequestSender - Using open Channel [id: 0x12d70145, L:/127.0.0.1:59904 - R:localhost/127.0.0.1:4723] for GET '/wd/hub/session/8ba94d58-901f-4475-b7fb-66ac52510caf/screenshot'
12:07:23.596 [AsyncHttpClient-1-2] DEBUG org.asynchttpclient.netty.handler.HttpHandler - 

Request DefaultFullHttpRequest(decodeResult: success, version: HTTP/1.1, content: EmptyByteBufBE)
GET /wd/hub/session/8ba94d58-901f-4475-b7fb-66ac52510caf/screenshot HTTP/1.1
User-Agent: selenium/4.5.3 (java mac)
Cache-Control: no-cache
Content-Type: application/json; charset=utf-8
host: localhost:4723
accept: */*

Response DefaultHttpResponse(decodeResult: success, version: HTTP/1.1)
HTTP/1.1 200 OK
X-Powered-By: Express
Content-Type: application/json; charset=utf-8
ETag: W/"9ab4-GXqGWIav+5E9saCSRydYYbKU8S4"
Date: Thu, 02 Mar 2023 17:07:23 GMT
Connection: keep-alive
content-length: 39604

12:07:23.597 [AsyncHttpClient-1-2] DEBUG org.asynchttpclient.netty.channel.ChannelManager - Adding key: http://localhost:4723 for channel [id: 0x12d70145, L:/127.0.0.1:59904 - R:localhost/127.0.0.1:4723]
12:07:23.598 [Test worker] WARN net.thucydides.core.webdriver.WebDriverFacade - Failed to take screenshot (Illegal base64 character a)
12:07:23.598 [Test worker] DEBUG net.thucydides.core.steps.StepInterceptor - STEP DONE: performAs
12:07:23.615 [Forwarding getCurrentWindowHandle on session 8ba94d58-901f-4475-b7fb-66ac52510caf to remote] DEBUG org.asynchttpclient.netty.request.NettyRequestSender - Using pooled Channel '[id: 0x12d70145, L:/127.0.0.1:59904 - R:localhost/127.0.0.1:4723]' for 'GET' to 'http://localhost:4723/wd/hub/session/8ba94d58-901f-4475-b7fb-66ac52510caf/window'
12:07:23.615 [Forwarding getCurrentWindowHandle on session 8ba94d58-901f-4475-b7fb-66ac52510caf to remote] DEBUG org.asynchttpclient.netty.request.NettyRequestSender - Using open Channel [id: 0x12d70145, L:/127.0.0.1:59904 - R:localhost/127.0.0.1:4723] for GET '/wd/hub/session/8ba94d58-901f-4475-b7fb-66ac52510caf/window'
12:07:23.632 [AsyncHttpClient-1-2] DEBUG org.asynchttpclient.netty.handler.HttpHandler - 

Request DefaultFullHttpRequest(decodeResult: success, version: HTTP/1.1, content: EmptyByteBufBE)
GET /wd/hub/session/8ba94d58-901f-4475-b7fb-66ac52510caf/window HTTP/1.1
User-Agent: selenium/4.5.3 (java mac)
Cache-Control: no-cache
Content-Type: application/json; charset=utf-8
host: localhost:4723
accept: */*

Response DefaultHttpResponse(decodeResult: success, version: HTTP/1.1)
HTTP/1.1 404 Not Found
X-Powered-By: Express
Content-Type: application/json; charset=utf-8
ETag: W/"dc9-1p46SNnIG6GxUYvzfhKldWCLeEA"
Date: Thu, 02 Mar 2023 17:07:23 GMT
Connection: keep-alive
content-length: 3529

12:07:23.633 [AsyncHttpClient-1-2] DEBUG org.asynchttpclient.netty.channel.ChannelManager - Adding key: http://localhost:4723 for channel [id: 0x12d70145, L:/127.0.0.1:59904 - R:localhost/127.0.0.1:4723]
12:07:23.635 [Forwarding screenshot on session 8ba94d58-901f-4475-b7fb-66ac52510caf to remote] DEBUG org.asynchttpclient.netty.request.NettyRequestSender - Using pooled Channel '[id: 0x12d70145, L:/127.0.0.1:59904 - R:localhost/127.0.0.1:4723]' for 'GET' to 'http://localhost:4723/wd/hub/session/8ba94d58-901f-4475-b7fb-66ac52510caf/screenshot'
12:07:23.635 [Forwarding screenshot on session 8ba94d58-901f-4475-b7fb-66ac52510caf to remote] DEBUG org.asynchttpclient.netty.request.NettyRequestSender - Using open Channel [id: 0x12d70145, L:/127.0.0.1:59904 - R:localhost/127.0.0.1:4723] for GET '/wd/hub/session/8ba94d58-901f-4475-b7fb-66ac52510caf/screenshot'
12:07:23.885 [AsyncHttpClient-1-2] DEBUG org.asynchttpclient.netty.handler.HttpHandler - 

Request DefaultFullHttpRequest(decodeResult: success, version: HTTP/1.1, content: EmptyByteBufBE)
GET /wd/hub/session/8ba94d58-901f-4475-b7fb-66ac52510caf/screenshot HTTP/1.1
User-Agent: selenium/4.5.3 (java mac)
Cache-Control: no-cache
Content-Type: application/json; charset=utf-8
host: localhost:4723
accept: */*

Response DefaultHttpResponse(decodeResult: success, version: HTTP/1.1)
HTTP/1.1 200 OK
X-Powered-By: Express
Content-Type: application/json; charset=utf-8
ETag: W/"9ab4-GXqGWIav+5E9saCSRydYYbKU8S4"
Date: Thu, 02 Mar 2023 17:07:23 GMT
Connection: keep-alive
content-length: 39604

12:07:23.886 [AsyncHttpClient-1-2] DEBUG org.asynchttpclient.netty.channel.ChannelManager - Adding key: http://localhost:4723 for channel [id: 0x12d70145, L:/127.0.0.1:59904 - R:localhost/127.0.0.1:4723]
12:07:23.887 [Test worker] WARN net.thucydides.core.webdriver.WebDriverFacade - Failed to take screenshot (Illegal base64 character a)
12:07:23.900 [Forwarding getCurrentWindowHandle on session 8ba94d58-901f-4475-b7fb-66ac52510caf to remote] DEBUG org.asynchttpclient.netty.request.NettyRequestSender - Using pooled Channel '[id: 0x12d70145, L:/127.0.0.1:59904 - R:localhost/127.0.0.1:4723]' for 'GET' to 'http://localhost:4723/wd/hub/session/8ba94d58-901f-4475-b7fb-66ac52510caf/window'
12:07:23.900 [Forwarding getCurrentWindowHandle on session 8ba94d58-901f-4475-b7fb-66ac52510caf to remote] DEBUG org.asynchttpclient.netty.request.NettyRequestSender - Using open Channel [id: 0x12d70145, L:/127.0.0.1:59904 - R:localhost/127.0.0.1:4723] for GET '/wd/hub/session/8ba94d58-901f-4475-b7fb-66ac52510caf/window'
12:07:23.914 [AsyncHttpClient-1-2] DEBUG org.asynchttpclient.netty.handler.HttpHandler - 

Request DefaultFullHttpRequest(decodeResult: success, version: HTTP/1.1, content: EmptyByteBufBE)
GET /wd/hub/session/8ba94d58-901f-4475-b7fb-66ac52510caf/window HTTP/1.1
User-Agent: selenium/4.5.3 (java mac)
Cache-Control: no-cache
Content-Type: application/json; charset=utf-8
host: localhost:4723
accept: */*

Response DefaultHttpResponse(decodeResult: success, version: HTTP/1.1)
HTTP/1.1 404 Not Found
X-Powered-By: Express
Content-Type: application/json; charset=utf-8
ETag: W/"dc9-1p46SNnIG6GxUYvzfhKldWCLeEA"
Date: Thu, 02 Mar 2023 17:07:23 GMT
Connection: keep-alive
content-length: 3529

12:07:23.914 [AsyncHttpClient-1-2] DEBUG org.asynchttpclient.netty.channel.ChannelManager - Adding key: http://localhost:4723 for channel [id: 0x12d70145, L:/127.0.0.1:59904 - R:localhost/127.0.0.1:4723]
12:07:23.916 [Forwarding screenshot on session 8ba94d58-901f-4475-b7fb-66ac52510caf to remote] DEBUG org.asynchttpclient.netty.request.NettyRequestSender - Using pooled Channel '[id: 0x12d70145, L:/127.0.0.1:59904 - R:localhost/127.0.0.1:4723]' for 'GET' to 'http://localhost:4723/wd/hub/session/8ba94d58-901f-4475-b7fb-66ac52510caf/screenshot'
12:07:23.916 [Forwarding screenshot on session 8ba94d58-901f-4475-b7fb-66ac52510caf to remote] DEBUG org.asynchttpclient.netty.request.NettyRequestSender - Using open Channel [id: 0x12d70145, L:/127.0.0.1:59904 - R:localhost/127.0.0.1:4723] for GET '/wd/hub/session/8ba94d58-901f-4475-b7fb-66ac52510caf/screenshot'
12:07:24.171 [AsyncHttpClient-1-2] DEBUG org.asynchttpclient.netty.handler.HttpHandler - 

Request DefaultFullHttpRequest(decodeResult: success, version: HTTP/1.1, content: EmptyByteBufBE)
GET /wd/hub/session/8ba94d58-901f-4475-b7fb-66ac52510caf/screenshot HTTP/1.1
User-Agent: selenium/4.5.3 (java mac)
Cache-Control: no-cache
Content-Type: application/json; charset=utf-8
host: localhost:4723
accept: */*

Response DefaultHttpResponse(decodeResult: success, version: HTTP/1.1)
HTTP/1.1 200 OK
X-Powered-By: Express
Content-Type: application/json; charset=utf-8
ETag: W/"9ab4-GXqGWIav+5E9saCSRydYYbKU8S4"
Date: Thu, 02 Mar 2023 17:07:24 GMT
Connection: keep-alive
content-length: 39604

12:07:24.172 [AsyncHttpClient-1-2] DEBUG org.asynchttpclient.netty.channel.ChannelManager - Adding key: http://localhost:4723 for channel [id: 0x12d70145, L:/127.0.0.1:59904 - R:localhost/127.0.0.1:4723]
12:07:24.174 [Test worker] WARN net.thucydides.core.webdriver.WebDriverFacade - Failed to take screenshot (Illegal base64 character a)
12:07:24.177 [Forwarding getPageSource on session 8ba94d58-901f-4475-b7fb-66ac52510caf to remote] DEBUG org.asynchttpclient.netty.request.NettyRequestSender - Using pooled Channel '[id: 0x12d70145, L:/127.0.0.1:59904 - R:localhost/127.0.0.1:4723]' for 'GET' to 'http://localhost:4723/wd/hub/session/8ba94d58-901f-4475-b7fb-66ac52510caf/source'
12:07:24.177 [Forwarding getPageSource on session 8ba94d58-901f-4475-b7fb-66ac52510caf to remote] DEBUG org.asynchttpclient.netty.request.NettyRequestSender - Using open Channel [id: 0x12d70145, L:/127.0.0.1:59904 - R:localhost/127.0.0.1:4723] for GET '/wd/hub/session/8ba94d58-901f-4475-b7fb-66ac52510caf/source'
12:07:24.203 [AsyncHttpClient-1-2] DEBUG org.asynchttpclient.netty.handler.HttpHandler - 

Request DefaultFullHttpRequest(decodeResult: success, version: HTTP/1.1, content: EmptyByteBufBE)
GET /wd/hub/session/8ba94d58-901f-4475-b7fb-66ac52510caf/source HTTP/1.1
User-Agent: selenium/4.5.3 (java mac)
Cache-Control: no-cache
Content-Type: application/json; charset=utf-8
host: localhost:4723
accept: */*

Response DefaultHttpResponse(decodeResult: success, version: HTTP/1.1)
HTTP/1.1 200 OK
X-Powered-By: Express
Content-Type: application/json; charset=utf-8
ETag: W/"2398-7fzriEmXBAkEn8UvslbQxbj+XRA"
Date: Thu, 02 Mar 2023 17:07:24 GMT
Connection: keep-alive
content-length: 9112

12:07:24.203 [AsyncHttpClient-1-2] DEBUG org.asynchttpclient.netty.channel.ChannelManager - Adding key: http://localhost:4723 for channel [id: 0x12d70145, L:/127.0.0.1:59904 - R:localhost/127.0.0.1:4723]
12:07:24.228 [Forwarding getCurrentWindowHandle on session 8ba94d58-901f-4475-b7fb-66ac52510caf to remote] DEBUG org.asynchttpclient.netty.request.NettyRequestSender - Using pooled Channel '[id: 0x12d70145, L:/127.0.0.1:59904 - R:localhost/127.0.0.1:4723]' for 'GET' to 'http://localhost:4723/wd/hub/session/8ba94d58-901f-4475-b7fb-66ac52510caf/window'
12:07:24.228 [Forwarding getCurrentWindowHandle on session 8ba94d58-901f-4475-b7fb-66ac52510caf to remote] DEBUG org.asynchttpclient.netty.request.NettyRequestSender - Using open Channel [id: 0x12d70145, L:/127.0.0.1:59904 - R:localhost/127.0.0.1:4723] for GET '/wd/hub/session/8ba94d58-901f-4475-b7fb-66ac52510caf/window'
12:07:24.241 [AsyncHttpClient-1-2] DEBUG org.asynchttpclient.netty.handler.HttpHandler - 

Request DefaultFullHttpRequest(decodeResult: success, version: HTTP/1.1, content: EmptyByteBufBE)
GET /wd/hub/session/8ba94d58-901f-4475-b7fb-66ac52510caf/window HTTP/1.1
User-Agent: selenium/4.5.3 (java mac)
Cache-Control: no-cache
Content-Type: application/json; charset=utf-8
host: localhost:4723
accept: */*

Response DefaultHttpResponse(decodeResult: success, version: HTTP/1.1)
HTTP/1.1 404 Not Found
X-Powered-By: Express
Content-Type: application/json; charset=utf-8
ETag: W/"dc9-1p46SNnIG6GxUYvzfhKldWCLeEA"
Date: Thu, 02 Mar 2023 17:07:24 GMT
Connection: keep-alive
content-length: 3529

12:07:24.241 [AsyncHttpClient-1-2] DEBUG org.asynchttpclient.netty.channel.ChannelManager - Adding key: http://localhost:4723 for channel [id: 0x12d70145, L:/127.0.0.1:59904 - R:localhost/127.0.0.1:4723]
12:07:24.243 [Forwarding screenshot on session 8ba94d58-901f-4475-b7fb-66ac52510caf to remote] DEBUG org.asynchttpclient.netty.request.NettyRequestSender - Using pooled Channel '[id: 0x12d70145, L:/127.0.0.1:59904 - R:localhost/127.0.0.1:4723]' for 'GET' to 'http://localhost:4723/wd/hub/session/8ba94d58-901f-4475-b7fb-66ac52510caf/screenshot'
12:07:24.243 [Forwarding screenshot on session 8ba94d58-901f-4475-b7fb-66ac52510caf to remote] DEBUG org.asynchttpclient.netty.request.NettyRequestSender - Using open Channel [id: 0x12d70145, L:/127.0.0.1:59904 - R:localhost/127.0.0.1:4723] for GET '/wd/hub/session/8ba94d58-901f-4475-b7fb-66ac52510caf/screenshot'
12:07:24.480 [AsyncHttpClient-1-2] DEBUG org.asynchttpclient.netty.handler.HttpHandler - 

Request DefaultFullHttpRequest(decodeResult: success, version: HTTP/1.1, content: EmptyByteBufBE)
GET /wd/hub/session/8ba94d58-901f-4475-b7fb-66ac52510caf/screenshot HTTP/1.1
User-Agent: selenium/4.5.3 (java mac)
Cache-Control: no-cache
Content-Type: application/json; charset=utf-8
host: localhost:4723
accept: */*

Response DefaultHttpResponse(decodeResult: success, version: HTTP/1.1)
HTTP/1.1 200 OK
X-Powered-By: Express
Content-Type: application/json; charset=utf-8
ETag: W/"9ab4-GXqGWIav+5E9saCSRydYYbKU8S4"
Date: Thu, 02 Mar 2023 17:07:24 GMT
Connection: keep-alive
content-length: 39604

12:07:24.481 [AsyncHttpClient-1-2] DEBUG org.asynchttpclient.netty.channel.ChannelManager - Adding key: http://localhost:4723 for channel [id: 0x12d70145, L:/127.0.0.1:59904 - R:localhost/127.0.0.1:4723]
12:07:24.482 [Test worker] WARN net.thucydides.core.webdriver.WebDriverFacade - Failed to take screenshot (Illegal base64 character a)
12:07:24.486 [Forwarding getPageSource on session 8ba94d58-901f-4475-b7fb-66ac52510caf to remote] DEBUG org.asynchttpclient.netty.request.NettyRequestSender - Using pooled Channel '[id: 0x12d70145, L:/127.0.0.1:59904 - R:localhost/127.0.0.1:4723]' for 'GET' to 'http://localhost:4723/wd/hub/session/8ba94d58-901f-4475-b7fb-66ac52510caf/source'
12:07:24.486 [Forwarding getPageSource on session 8ba94d58-901f-4475-b7fb-66ac52510caf to remote] DEBUG org.asynchttpclient.netty.request.NettyRequestSender - Using open Channel [id: 0x12d70145, L:/127.0.0.1:59904 - R:localhost/127.0.0.1:4723] for GET '/wd/hub/session/8ba94d58-901f-4475-b7fb-66ac52510caf/source'
12:07:24.515 [AsyncHttpClient-1-2] DEBUG org.asynchttpclient.netty.handler.HttpHandler - 

Request DefaultFullHttpRequest(decodeResult: success, version: HTTP/1.1, content: EmptyByteBufBE)
GET /wd/hub/session/8ba94d58-901f-4475-b7fb-66ac52510caf/source HTTP/1.1
User-Agent: selenium/4.5.3 (java mac)
Cache-Control: no-cache
Content-Type: application/json; charset=utf-8
host: localhost:4723
accept: */*

Response DefaultHttpResponse(decodeResult: success, version: HTTP/1.1)
HTTP/1.1 200 OK
X-Powered-By: Express
Content-Type: application/json; charset=utf-8
ETag: W/"2398-7fzriEmXBAkEn8UvslbQxbj+XRA"
Date: Thu, 02 Mar 2023 17:07:24 GMT
Connection: keep-alive
content-length: 9112

12:07:24.516 [AsyncHttpClient-1-2] DEBUG org.asynchttpclient.netty.channel.ChannelManager - Adding key: http://localhost:4723 for channel [id: 0x12d70145, L:/127.0.0.1:59904 - R:localhost/127.0.0.1:4723]
12:07:24.520 [Test worker] DEBUG net.thucydides.core.steps.StepInterceptor - STARTING STEP: LogInStepDefinitions.he_send_his_credential - performAs
12:07:24.560 [Forwarding getCurrentWindowHandle on session 8ba94d58-901f-4475-b7fb-66ac52510caf to remote] DEBUG org.asynchttpclient.netty.request.NettyRequestSender - Using pooled Channel '[id: 0x12d70145, L:/127.0.0.1:59904 - R:localhost/127.0.0.1:4723]' for 'GET' to 'http://localhost:4723/wd/hub/session/8ba94d58-901f-4475-b7fb-66ac52510caf/window'
12:07:24.560 [Forwarding getCurrentWindowHandle on session 8ba94d58-901f-4475-b7fb-66ac52510caf to remote] DEBUG org.asynchttpclient.netty.request.NettyRequestSender - Using open Channel [id: 0x12d70145, L:/127.0.0.1:59904 - R:localhost/127.0.0.1:4723] for GET '/wd/hub/session/8ba94d58-901f-4475-b7fb-66ac52510caf/window'
12:07:24.577 [AsyncHttpClient-1-2] DEBUG org.asynchttpclient.netty.handler.HttpHandler - 

Request DefaultFullHttpRequest(decodeResult: success, version: HTTP/1.1, content: EmptyByteBufBE)
GET /wd/hub/session/8ba94d58-901f-4475-b7fb-66ac52510caf/window HTTP/1.1
User-Agent: selenium/4.5.3 (java mac)
Cache-Control: no-cache
Content-Type: application/json; charset=utf-8
host: localhost:4723
accept: */*

Response DefaultHttpResponse(decodeResult: success, version: HTTP/1.1)
HTTP/1.1 404 Not Found
X-Powered-By: Express
Content-Type: application/json; charset=utf-8
ETag: W/"dc9-1p46SNnIG6GxUYvzfhKldWCLeEA"
Date: Thu, 02 Mar 2023 17:07:24 GMT
Connection: keep-alive
content-length: 3529

12:07:24.577 [AsyncHttpClient-1-2] DEBUG org.asynchttpclient.netty.channel.ChannelManager - Adding key: http://localhost:4723 for channel [id: 0x12d70145, L:/127.0.0.1:59904 - R:localhost/127.0.0.1:4723]
12:07:24.580 [Forwarding screenshot on session 8ba94d58-901f-4475-b7fb-66ac52510caf to remote] DEBUG org.asynchttpclient.netty.request.NettyRequestSender - Using pooled Channel '[id: 0x12d70145, L:/127.0.0.1:59904 - R:localhost/127.0.0.1:4723]' for 'GET' to 'http://localhost:4723/wd/hub/session/8ba94d58-901f-4475-b7fb-66ac52510caf/screenshot'
12:07:24.580 [Forwarding screenshot on session 8ba94d58-901f-4475-b7fb-66ac52510caf to remote] DEBUG org.asynchttpclient.netty.request.NettyRequestSender - Using open Channel [id: 0x12d70145, L:/127.0.0.1:59904 - R:localhost/127.0.0.1:4723] for GET '/wd/hub/session/8ba94d58-901f-4475-b7fb-66ac52510caf/screenshot'
12:07:24.839 [AsyncHttpClient-1-2] DEBUG org.asynchttpclient.netty.handler.HttpHandler - 

Request DefaultFullHttpRequest(decodeResult: success, version: HTTP/1.1, content: EmptyByteBufBE)
GET /wd/hub/session/8ba94d58-901f-4475-b7fb-66ac52510caf/screenshot HTTP/1.1
User-Agent: selenium/4.5.3 (java mac)
Cache-Control: no-cache
Content-Type: application/json; charset=utf-8
host: localhost:4723
accept: */*

Response DefaultHttpResponse(decodeResult: success, version: HTTP/1.1)
HTTP/1.1 200 OK
X-Powered-By: Express
Content-Type: application/json; charset=utf-8
ETag: W/"9ab4-GXqGWIav+5E9saCSRydYYbKU8S4"
Date: Thu, 02 Mar 2023 17:07:24 GMT
Connection: keep-alive
content-length: 39604

12:07:24.840 [AsyncHttpClient-1-2] DEBUG org.asynchttpclient.netty.channel.ChannelManager - Adding key: http://localhost:4723 for channel [id: 0x12d70145, L:/127.0.0.1:59904 - R:localhost/127.0.0.1:4723]
12:07:24.841 [Test worker] WARN net.thucydides.core.webdriver.WebDriverFacade - Failed to take screenshot (Illegal base64 character a)
12:07:24.845 [Forwarding getPageSource on session 8ba94d58-901f-4475-b7fb-66ac52510caf to remote] DEBUG org.asynchttpclient.netty.request.NettyRequestSender - Using pooled Channel '[id: 0x12d70145, L:/127.0.0.1:59904 - R:localhost/127.0.0.1:4723]' for 'GET' to 'http://localhost:4723/wd/hub/session/8ba94d58-901f-4475-b7fb-66ac52510caf/source'
12:07:24.845 [Forwarding getPageSource on session 8ba94d58-901f-4475-b7fb-66ac52510caf to remote] DEBUG org.asynchttpclient.netty.request.NettyRequestSender - Using open Channel [id: 0x12d70145, L:/127.0.0.1:59904 - R:localhost/127.0.0.1:4723] for GET '/wd/hub/session/8ba94d58-901f-4475-b7fb-66ac52510caf/source'
12:07:24.875 [AsyncHttpClient-1-2] DEBUG org.asynchttpclient.netty.handler.HttpHandler - 

Request DefaultFullHttpRequest(decodeResult: success, version: HTTP/1.1, content: EmptyByteBufBE)
GET /wd/hub/session/8ba94d58-901f-4475-b7fb-66ac52510caf/source HTTP/1.1
User-Agent: selenium/4.5.3 (java mac)
Cache-Control: no-cache
Content-Type: application/json; charset=utf-8
host: localhost:4723
accept: */*

Response DefaultHttpResponse(decodeResult: success, version: HTTP/1.1)
HTTP/1.1 200 OK
X-Powered-By: Express
Content-Type: application/json; charset=utf-8
ETag: W/"2398-7fzriEmXBAkEn8UvslbQxbj+XRA"
Date: Thu, 02 Mar 2023 17:07:24 GMT
Connection: keep-alive
content-length: 9112

12:07:24.876 [AsyncHttpClient-1-2] DEBUG org.asynchttpclient.netty.channel.ChannelManager - Adding key: http://localhost:4723 for channel [id: 0x12d70145, L:/127.0.0.1:59904 - R:localhost/127.0.0.1:4723]
12:07:24.880 [Test worker] DEBUG net.thucydides.core.steps.StepInterceptor - STARTING STEP: Login.performAs - {0} enters #theTextAsAString into #target
12:07:24.884 [Test worker] DEBUG net.serenitybdd.screenplay.targets.IFrameSwitcher - default content already selected for username
12:07:24.892 [Forwarding findElement on session 8ba94d58-901f-4475-b7fb-66ac52510caf to remote] DEBUG org.asynchttpclient.netty.request.NettyRequestSender - Using pooled Channel '[id: 0x12d70145, L:/127.0.0.1:59904 - R:localhost/127.0.0.1:4723]' for 'POST' to 'http://localhost:4723/wd/hub/session/8ba94d58-901f-4475-b7fb-66ac52510caf/element'
12:07:24.892 [Forwarding findElement on session 8ba94d58-901f-4475-b7fb-66ac52510caf to remote] DEBUG org.asynchttpclient.netty.request.NettyRequestSender - Using open Channel [id: 0x12d70145, L:/127.0.0.1:59904 - R:localhost/127.0.0.1:4723] for POST '/wd/hub/session/8ba94d58-901f-4475-b7fb-66ac52510caf/element'
12:07:24.914 [AsyncHttpClient-1-2] DEBUG org.asynchttpclient.netty.handler.HttpHandler - 

Request DefaultHttpRequest(decodeResult: success, version: HTTP/1.1)
POST /wd/hub/session/8ba94d58-901f-4475-b7fb-66ac52510caf/element HTTP/1.1
User-Agent: selenium/4.5.3 (java mac)
Content-Length: 56
Content-Type: application/json; charset=utf-8
host: localhost:4723
accept: */*

Response DefaultHttpResponse(decodeResult: success, version: HTTP/1.1)
HTTP/1.1 200 OK
X-Powered-By: Express
Vary: X-HTTP-Method-Override
Content-Type: application/json; charset=utf-8
ETag: W/"89-esxiKi/O0w1KE+D3YLOVahis8vM"
Date: Thu, 02 Mar 2023 17:07:24 GMT
Connection: keep-alive
content-length: 137

12:07:24.915 [AsyncHttpClient-1-2] DEBUG org.asynchttpclient.netty.channel.ChannelManager - Adding key: http://localhost:4723 for channel [id: 0x12d70145, L:/127.0.0.1:59904 - R:localhost/127.0.0.1:4723]
12:07:24.919 [Forwarding sendKeysToElement on session 8ba94d58-901f-4475-b7fb-66ac52510caf to remote] DEBUG org.asynchttpclient.netty.request.NettyRequestSender - Using pooled Channel '[id: 0x12d70145, L:/127.0.0.1:59904 - R:localhost/127.0.0.1:4723]' for 'POST' to 'http://localhost:4723/wd/hub/session/8ba94d58-901f-4475-b7fb-66ac52510caf/element/00000000-0000-0046-ffff-ffff00000060/value'
12:07:24.919 [Forwarding sendKeysToElement on session 8ba94d58-901f-4475-b7fb-66ac52510caf to remote] DEBUG org.asynchttpclient.netty.request.NettyRequestSender - Using open Channel [id: 0x12d70145, L:/127.0.0.1:59904 - R:localhost/127.0.0.1:4723] for POST '/wd/hub/session/8ba94d58-901f-4475-b7fb-66ac52510caf/element/00000000-0000-0046-ffff-ffff00000060/value'
12:07:24.968 [AsyncHttpClient-1-2] DEBUG org.asynchttpclient.netty.handler.HttpHandler - 

Request DefaultHttpRequest(decodeResult: success, version: HTTP/1.1)
POST /wd/hub/session/8ba94d58-901f-4475-b7fb-66ac52510caf/element/00000000-0000-0046-ffff-ffff00000060/value HTTP/1.1
User-Agent: selenium/4.5.3 (java mac)
Content-Length: 131
Content-Type: application/json; charset=utf-8
host: localhost:4723
accept: */*

Response DefaultHttpResponse(decodeResult: success, version: HTTP/1.1)
HTTP/1.1 200 OK
X-Powered-By: Express
Vary: X-HTTP-Method-Override
Content-Type: application/json; charset=utf-8
ETag: W/"e-9/1BuKMgFObM1mWJm+YjxtXJnUM"
Date: Thu, 02 Mar 2023 17:07:24 GMT
Connection: keep-alive
content-length: 14

12:07:24.968 [AsyncHttpClient-1-2] DEBUG org.asynchttpclient.netty.channel.ChannelManager - Adding key: http://localhost:4723 for channel [id: 0x12d70145, L:/127.0.0.1:59904 - R:localhost/127.0.0.1:4723]
12:07:24.986 [Forwarding getCurrentWindowHandle on session 8ba94d58-901f-4475-b7fb-66ac52510caf to remote] DEBUG org.asynchttpclient.netty.request.NettyRequestSender - Using pooled Channel '[id: 0x12d70145, L:/127.0.0.1:59904 - R:localhost/127.0.0.1:4723]' for 'GET' to 'http://localhost:4723/wd/hub/session/8ba94d58-901f-4475-b7fb-66ac52510caf/window'
12:07:24.986 [Forwarding getCurrentWindowHandle on session 8ba94d58-901f-4475-b7fb-66ac52510caf to remote] DEBUG org.asynchttpclient.netty.request.NettyRequestSender - Using open Channel [id: 0x12d70145, L:/127.0.0.1:59904 - R:localhost/127.0.0.1:4723] for GET '/wd/hub/session/8ba94d58-901f-4475-b7fb-66ac52510caf/window'
12:07:24.996 [AsyncHttpClient-1-2] DEBUG org.asynchttpclient.netty.handler.HttpHandler - 

Request DefaultFullHttpRequest(decodeResult: success, version: HTTP/1.1, content: EmptyByteBufBE)
GET /wd/hub/session/8ba94d58-901f-4475-b7fb-66ac52510caf/window HTTP/1.1
User-Agent: selenium/4.5.3 (java mac)
Cache-Control: no-cache
Content-Type: application/json; charset=utf-8
host: localhost:4723
accept: */*

Response DefaultHttpResponse(decodeResult: success, version: HTTP/1.1)
HTTP/1.1 404 Not Found
X-Powered-By: Express
Content-Type: application/json; charset=utf-8
ETag: W/"dc9-1p46SNnIG6GxUYvzfhKldWCLeEA"
Date: Thu, 02 Mar 2023 17:07:24 GMT
Connection: keep-alive
content-length: 3529

12:07:24.997 [AsyncHttpClient-1-2] DEBUG org.asynchttpclient.netty.channel.ChannelManager - Adding key: http://localhost:4723 for channel [id: 0x12d70145, L:/127.0.0.1:59904 - R:localhost/127.0.0.1:4723]
12:07:24.998 [Forwarding screenshot on session 8ba94d58-901f-4475-b7fb-66ac52510caf to remote] DEBUG org.asynchttpclient.netty.request.NettyRequestSender - Using pooled Channel '[id: 0x12d70145, L:/127.0.0.1:59904 - R:localhost/127.0.0.1:4723]' for 'GET' to 'http://localhost:4723/wd/hub/session/8ba94d58-901f-4475-b7fb-66ac52510caf/screenshot'
12:07:24.999 [Forwarding screenshot on session 8ba94d58-901f-4475-b7fb-66ac52510caf to remote] DEBUG org.asynchttpclient.netty.request.NettyRequestSender - Using open Channel [id: 0x12d70145, L:/127.0.0.1:59904 - R:localhost/127.0.0.1:4723] for GET '/wd/hub/session/8ba94d58-901f-4475-b7fb-66ac52510caf/screenshot'
12:07:25.219 [AsyncHttpClient-1-2] DEBUG org.asynchttpclient.netty.handler.HttpHandler - 

Request DefaultFullHttpRequest(decodeResult: success, version: HTTP/1.1, content: EmptyByteBufBE)
GET /wd/hub/session/8ba94d58-901f-4475-b7fb-66ac52510caf/screenshot HTTP/1.1
User-Agent: selenium/4.5.3 (java mac)
Cache-Control: no-cache
Content-Type: application/json; charset=utf-8
host: localhost:4723
accept: */*

Response DefaultHttpResponse(decodeResult: success, version: HTTP/1.1)
HTTP/1.1 200 OK
X-Powered-By: Express
Content-Type: application/json; charset=utf-8
ETag: W/"957a-P2Yp77x/obkVhuHXcpxZr7I80Vw"
Date: Thu, 02 Mar 2023 17:07:25 GMT
Connection: keep-alive
content-length: 38266

12:07:25.220 [AsyncHttpClient-1-2] DEBUG org.asynchttpclient.netty.channel.ChannelManager - Adding key: http://localhost:4723 for channel [id: 0x12d70145, L:/127.0.0.1:59904 - R:localhost/127.0.0.1:4723]
12:07:25.222 [Test worker] WARN net.thucydides.core.webdriver.WebDriverFacade - Failed to take screenshot (Illegal base64 character a)
12:07:25.222 [Test worker] DEBUG net.thucydides.core.steps.StepInterceptor - STEP DONE: {0} enters #theTextAsAString into #target
12:07:25.237 [Forwarding getCurrentWindowHandle on session 8ba94d58-901f-4475-b7fb-66ac52510caf to remote] DEBUG org.asynchttpclient.netty.request.NettyRequestSender - Using pooled Channel '[id: 0x12d70145, L:/127.0.0.1:59904 - R:localhost/127.0.0.1:4723]' for 'GET' to 'http://localhost:4723/wd/hub/session/8ba94d58-901f-4475-b7fb-66ac52510caf/window'
12:07:25.237 [Forwarding getCurrentWindowHandle on session 8ba94d58-901f-4475-b7fb-66ac52510caf to remote] DEBUG org.asynchttpclient.netty.request.NettyRequestSender - Using open Channel [id: 0x12d70145, L:/127.0.0.1:59904 - R:localhost/127.0.0.1:4723] for GET '/wd/hub/session/8ba94d58-901f-4475-b7fb-66ac52510caf/window'
12:07:25.250 [AsyncHttpClient-1-2] DEBUG org.asynchttpclient.netty.handler.HttpHandler - 

Request DefaultFullHttpRequest(decodeResult: success, version: HTTP/1.1, content: EmptyByteBufBE)
GET /wd/hub/session/8ba94d58-901f-4475-b7fb-66ac52510caf/window HTTP/1.1
User-Agent: selenium/4.5.3 (java mac)
Cache-Control: no-cache
Content-Type: application/json; charset=utf-8
host: localhost:4723
accept: */*

Response DefaultHttpResponse(decodeResult: success, version: HTTP/1.1)
HTTP/1.1 404 Not Found
X-Powered-By: Express
Content-Type: application/json; charset=utf-8
ETag: W/"dc9-1p46SNnIG6GxUYvzfhKldWCLeEA"
Date: Thu, 02 Mar 2023 17:07:25 GMT
Connection: keep-alive
content-length: 3529

12:07:25.250 [AsyncHttpClient-1-2] DEBUG org.asynchttpclient.netty.channel.ChannelManager - Adding key: http://localhost:4723 for channel [id: 0x12d70145, L:/127.0.0.1:59904 - R:localhost/127.0.0.1:4723]
12:07:25.252 [Forwarding screenshot on session 8ba94d58-901f-4475-b7fb-66ac52510caf to remote] DEBUG org.asynchttpclient.netty.request.NettyRequestSender - Using pooled Channel '[id: 0x12d70145, L:/127.0.0.1:59904 - R:localhost/127.0.0.1:4723]' for 'GET' to 'http://localhost:4723/wd/hub/session/8ba94d58-901f-4475-b7fb-66ac52510caf/screenshot'
12:07:25.252 [Forwarding screenshot on session 8ba94d58-901f-4475-b7fb-66ac52510caf to remote] DEBUG org.asynchttpclient.netty.request.NettyRequestSender - Using open Channel [id: 0x12d70145, L:/127.0.0.1:59904 - R:localhost/127.0.0.1:4723] for GET '/wd/hub/session/8ba94d58-901f-4475-b7fb-66ac52510caf/screenshot'
12:07:25.478 [AsyncHttpClient-1-2] DEBUG org.asynchttpclient.netty.handler.HttpHandler - 

Request DefaultFullHttpRequest(decodeResult: success, version: HTTP/1.1, content: EmptyByteBufBE)
GET /wd/hub/session/8ba94d58-901f-4475-b7fb-66ac52510caf/screenshot HTTP/1.1
User-Agent: selenium/4.5.3 (java mac)
Cache-Control: no-cache
Content-Type: application/json; charset=utf-8
host: localhost:4723
accept: */*

Response DefaultHttpResponse(decodeResult: success, version: HTTP/1.1)
HTTP/1.1 200 OK
X-Powered-By: Express
Content-Type: application/json; charset=utf-8
ETag: W/"957a-P2Yp77x/obkVhuHXcpxZr7I80Vw"
Date: Thu, 02 Mar 2023 17:07:25 GMT
Connection: keep-alive
content-length: 38266

12:07:25.479 [AsyncHttpClient-1-2] DEBUG org.asynchttpclient.netty.channel.ChannelManager - Adding key: http://localhost:4723 for channel [id: 0x12d70145, L:/127.0.0.1:59904 - R:localhost/127.0.0.1:4723]
12:07:25.480 [Test worker] WARN net.thucydides.core.webdriver.WebDriverFacade - Failed to take screenshot (Illegal base64 character a)
12:07:25.484 [Forwarding getPageSource on session 8ba94d58-901f-4475-b7fb-66ac52510caf to remote] DEBUG org.asynchttpclient.netty.request.NettyRequestSender - Using pooled Channel '[id: 0x12d70145, L:/127.0.0.1:59904 - R:localhost/127.0.0.1:4723]' for 'GET' to 'http://localhost:4723/wd/hub/session/8ba94d58-901f-4475-b7fb-66ac52510caf/source'
12:07:25.484 [Forwarding getPageSource on session 8ba94d58-901f-4475-b7fb-66ac52510caf to remote] DEBUG org.asynchttpclient.netty.request.NettyRequestSender - Using open Channel [id: 0x12d70145, L:/127.0.0.1:59904 - R:localhost/127.0.0.1:4723] for GET '/wd/hub/session/8ba94d58-901f-4475-b7fb-66ac52510caf/source'
12:07:25.516 [AsyncHttpClient-1-2] DEBUG org.asynchttpclient.netty.handler.HttpHandler - 

Request DefaultFullHttpRequest(decodeResult: success, version: HTTP/1.1, content: EmptyByteBufBE)
GET /wd/hub/session/8ba94d58-901f-4475-b7fb-66ac52510caf/source HTTP/1.1
User-Agent: selenium/4.5.3 (java mac)
Cache-Control: no-cache
Content-Type: application/json; charset=utf-8
host: localhost:4723
accept: */*

Response DefaultHttpResponse(decodeResult: success, version: HTTP/1.1)
HTTP/1.1 200 OK
X-Powered-By: Express
Content-Type: application/json; charset=utf-8
ETag: W/"2395-4siobmA73ymuGNR25T5yTXecX04"
Date: Thu, 02 Mar 2023 17:07:25 GMT
Connection: keep-alive
content-length: 9109

12:07:25.517 [AsyncHttpClient-1-2] DEBUG org.asynchttpclient.netty.channel.ChannelManager - Adding key: http://localhost:4723 for channel [id: 0x12d70145, L:/127.0.0.1:59904 - R:localhost/127.0.0.1:4723]
12:07:25.520 [Test worker] DEBUG net.thucydides.core.steps.StepInterceptor - STARTING STEP: Login.performAs - {0} enters #theTextAsAString into #target
12:07:25.524 [Test worker] DEBUG net.serenitybdd.screenplay.targets.IFrameSwitcher - default content already selected for password
12:07:25.530 [Forwarding findElement on session 8ba94d58-901f-4475-b7fb-66ac52510caf to remote] DEBUG org.asynchttpclient.netty.request.NettyRequestSender - Using pooled Channel '[id: 0x12d70145, L:/127.0.0.1:59904 - R:localhost/127.0.0.1:4723]' for 'POST' to 'http://localhost:4723/wd/hub/session/8ba94d58-901f-4475-b7fb-66ac52510caf/element'
12:07:25.531 [Forwarding findElement on session 8ba94d58-901f-4475-b7fb-66ac52510caf to remote] DEBUG org.asynchttpclient.netty.request.NettyRequestSender - Using open Channel [id: 0x12d70145, L:/127.0.0.1:59904 - R:localhost/127.0.0.1:4723] for POST '/wd/hub/session/8ba94d58-901f-4475-b7fb-66ac52510caf/element'
12:07:25.549 [AsyncHttpClient-1-2] DEBUG org.asynchttpclient.netty.handler.HttpHandler - 

Request DefaultHttpRequest(decodeResult: success, version: HTTP/1.1)
POST /wd/hub/session/8ba94d58-901f-4475-b7fb-66ac52510caf/element HTTP/1.1
User-Agent: selenium/4.5.3 (java mac)
Content-Length: 56
Content-Type: application/json; charset=utf-8
host: localhost:4723
accept: */*

Response DefaultHttpResponse(decodeResult: success, version: HTTP/1.1)
HTTP/1.1 200 OK
X-Powered-By: Express
Vary: X-HTTP-Method-Override
Content-Type: application/json; charset=utf-8
ETag: W/"89-vm2R2kJq7bMbvip14gFB+kYwSnA"
Date: Thu, 02 Mar 2023 17:07:25 GMT
Connection: keep-alive
content-length: 137

12:07:25.549 [AsyncHttpClient-1-2] DEBUG org.asynchttpclient.netty.channel.ChannelManager - Adding key: http://localhost:4723 for channel [id: 0x12d70145, L:/127.0.0.1:59904 - R:localhost/127.0.0.1:4723]
12:07:25.551 [Forwarding sendKeysToElement on session 8ba94d58-901f-4475-b7fb-66ac52510caf to remote] DEBUG org.asynchttpclient.netty.request.NettyRequestSender - Using pooled Channel '[id: 0x12d70145, L:/127.0.0.1:59904 - R:localhost/127.0.0.1:4723]' for 'POST' to 'http://localhost:4723/wd/hub/session/8ba94d58-901f-4475-b7fb-66ac52510caf/element/00000000-0000-0046-ffff-ffff00000062/value'
12:07:25.551 [Forwarding sendKeysToElement on session 8ba94d58-901f-4475-b7fb-66ac52510caf to remote] DEBUG org.asynchttpclient.netty.request.NettyRequestSender - Using open Channel [id: 0x12d70145, L:/127.0.0.1:59904 - R:localhost/127.0.0.1:4723] for POST '/wd/hub/session/8ba94d58-901f-4475-b7fb-66ac52510caf/element/00000000-0000-0046-ffff-ffff00000062/value'
12:07:25.592 [AsyncHttpClient-1-2] DEBUG org.asynchttpclient.netty.handler.HttpHandler - 

Request DefaultHttpRequest(decodeResult: success, version: HTTP/1.1)
POST /wd/hub/session/8ba94d58-901f-4475-b7fb-66ac52510caf/element/00000000-0000-0046-ffff-ffff00000062/value HTTP/1.1
User-Agent: selenium/4.5.3 (java mac)
Content-Length: 181
Content-Type: application/json; charset=utf-8
host: localhost:4723
accept: */*

Response DefaultHttpResponse(decodeResult: success, version: HTTP/1.1)
HTTP/1.1 200 OK
X-Powered-By: Express
Vary: X-HTTP-Method-Override
Content-Type: application/json; charset=utf-8
ETag: W/"e-9/1BuKMgFObM1mWJm+YjxtXJnUM"
Date: Thu, 02 Mar 2023 17:07:25 GMT
Connection: keep-alive
content-length: 14

12:07:25.593 [AsyncHttpClient-1-2] DEBUG org.asynchttpclient.netty.channel.ChannelManager - Adding key: http://localhost:4723 for channel [id: 0x12d70145, L:/127.0.0.1:59904 - R:localhost/127.0.0.1:4723]
12:07:25.615 [Forwarding getCurrentWindowHandle on session 8ba94d58-901f-4475-b7fb-66ac52510caf to remote] DEBUG org.asynchttpclient.netty.request.NettyRequestSender - Using pooled Channel '[id: 0x12d70145, L:/127.0.0.1:59904 - R:localhost/127.0.0.1:4723]' for 'GET' to 'http://localhost:4723/wd/hub/session/8ba94d58-901f-4475-b7fb-66ac52510caf/window'
12:07:25.615 [Forwarding getCurrentWindowHandle on session 8ba94d58-901f-4475-b7fb-66ac52510caf to remote] DEBUG org.asynchttpclient.netty.request.NettyRequestSender - Using open Channel [id: 0x12d70145, L:/127.0.0.1:59904 - R:localhost/127.0.0.1:4723] for GET '/wd/hub/session/8ba94d58-901f-4475-b7fb-66ac52510caf/window'
12:07:25.627 [AsyncHttpClient-1-2] DEBUG org.asynchttpclient.netty.handler.HttpHandler - 

Request DefaultFullHttpRequest(decodeResult: success, version: HTTP/1.1, content: EmptyByteBufBE)
GET /wd/hub/session/8ba94d58-901f-4475-b7fb-66ac52510caf/window HTTP/1.1
User-Agent: selenium/4.5.3 (java mac)
Cache-Control: no-cache
Content-Type: application/json; charset=utf-8
host: localhost:4723
accept: */*

Response DefaultHttpResponse(decodeResult: success, version: HTTP/1.1)
HTTP/1.1 404 Not Found
X-Powered-By: Express
Content-Type: application/json; charset=utf-8
ETag: W/"dc9-1p46SNnIG6GxUYvzfhKldWCLeEA"
Date: Thu, 02 Mar 2023 17:07:25 GMT
Connection: keep-alive
content-length: 3529

12:07:25.627 [AsyncHttpClient-1-2] DEBUG org.asynchttpclient.netty.channel.ChannelManager - Adding key: http://localhost:4723 for channel [id: 0x12d70145, L:/127.0.0.1:59904 - R:localhost/127.0.0.1:4723]
12:07:25.629 [Forwarding screenshot on session 8ba94d58-901f-4475-b7fb-66ac52510caf to remote] DEBUG org.asynchttpclient.netty.request.NettyRequestSender - Using pooled Channel '[id: 0x12d70145, L:/127.0.0.1:59904 - R:localhost/127.0.0.1:4723]' for 'GET' to 'http://localhost:4723/wd/hub/session/8ba94d58-901f-4475-b7fb-66ac52510caf/screenshot'
12:07:25.630 [Forwarding screenshot on session 8ba94d58-901f-4475-b7fb-66ac52510caf to remote] DEBUG org.asynchttpclient.netty.request.NettyRequestSender - Using open Channel [id: 0x12d70145, L:/127.0.0.1:59904 - R:localhost/127.0.0.1:4723] for GET '/wd/hub/session/8ba94d58-901f-4475-b7fb-66ac52510caf/screenshot'
12:07:25.884 [AsyncHttpClient-1-2] DEBUG org.asynchttpclient.netty.handler.HttpHandler - 

Request DefaultFullHttpRequest(decodeResult: success, version: HTTP/1.1, content: EmptyByteBufBE)
GET /wd/hub/session/8ba94d58-901f-4475-b7fb-66ac52510caf/screenshot HTTP/1.1
User-Agent: selenium/4.5.3 (java mac)
Cache-Control: no-cache
Content-Type: application/json; charset=utf-8
host: localhost:4723
accept: */*

Response DefaultHttpResponse(decodeResult: success, version: HTTP/1.1)
HTTP/1.1 200 OK
X-Powered-By: Express
Content-Type: application/json; charset=utf-8
ETag: W/"8194-cmSBy8+gRR76AqM8OViKhuiIjl8"
Date: Thu, 02 Mar 2023 17:07:25 GMT
Connection: keep-alive
content-length: 33172

12:07:25.885 [AsyncHttpClient-1-2] DEBUG org.asynchttpclient.netty.channel.ChannelManager - Adding key: http://localhost:4723 for channel [id: 0x12d70145, L:/127.0.0.1:59904 - R:localhost/127.0.0.1:4723]
12:07:25.886 [Test worker] WARN net.thucydides.core.webdriver.WebDriverFacade - Failed to take screenshot (Illegal base64 character a)
12:07:25.886 [Test worker] DEBUG net.thucydides.core.steps.StepInterceptor - STEP DONE: {0} enters #theTextAsAString into #target
12:07:25.899 [Forwarding getCurrentWindowHandle on session 8ba94d58-901f-4475-b7fb-66ac52510caf to remote] DEBUG org.asynchttpclient.netty.request.NettyRequestSender - Using pooled Channel '[id: 0x12d70145, L:/127.0.0.1:59904 - R:localhost/127.0.0.1:4723]' for 'GET' to 'http://localhost:4723/wd/hub/session/8ba94d58-901f-4475-b7fb-66ac52510caf/window'
12:07:25.900 [Forwarding getCurrentWindowHandle on session 8ba94d58-901f-4475-b7fb-66ac52510caf to remote] DEBUG org.asynchttpclient.netty.request.NettyRequestSender - Using open Channel [id: 0x12d70145, L:/127.0.0.1:59904 - R:localhost/127.0.0.1:4723] for GET '/wd/hub/session/8ba94d58-901f-4475-b7fb-66ac52510caf/window'
12:07:25.917 [AsyncHttpClient-1-2] DEBUG org.asynchttpclient.netty.handler.HttpHandler - 

Request DefaultFullHttpRequest(decodeResult: success, version: HTTP/1.1, content: EmptyByteBufBE)
GET /wd/hub/session/8ba94d58-901f-4475-b7fb-66ac52510caf/window HTTP/1.1
User-Agent: selenium/4.5.3 (java mac)
Cache-Control: no-cache
Content-Type: application/json; charset=utf-8
host: localhost:4723
accept: */*

Response DefaultHttpResponse(decodeResult: success, version: HTTP/1.1)
HTTP/1.1 404 Not Found
X-Powered-By: Express
Content-Type: application/json; charset=utf-8
ETag: W/"dc9-1p46SNnIG6GxUYvzfhKldWCLeEA"
Date: Thu, 02 Mar 2023 17:07:25 GMT
Connection: keep-alive
content-length: 3529

12:07:25.917 [AsyncHttpClient-1-2] DEBUG org.asynchttpclient.netty.channel.ChannelManager - Adding key: http://localhost:4723 for channel [id: 0x12d70145, L:/127.0.0.1:59904 - R:localhost/127.0.0.1:4723]
12:07:25.919 [Forwarding screenshot on session 8ba94d58-901f-4475-b7fb-66ac52510caf to remote] DEBUG org.asynchttpclient.netty.request.NettyRequestSender - Using pooled Channel '[id: 0x12d70145, L:/127.0.0.1:59904 - R:localhost/127.0.0.1:4723]' for 'GET' to 'http://localhost:4723/wd/hub/session/8ba94d58-901f-4475-b7fb-66ac52510caf/screenshot'
12:07:25.920 [Forwarding screenshot on session 8ba94d58-901f-4475-b7fb-66ac52510caf to remote] DEBUG org.asynchttpclient.netty.request.NettyRequestSender - Using open Channel [id: 0x12d70145, L:/127.0.0.1:59904 - R:localhost/127.0.0.1:4723] for GET '/wd/hub/session/8ba94d58-901f-4475-b7fb-66ac52510caf/screenshot'
12:07:26.178 [AsyncHttpClient-1-2] DEBUG org.asynchttpclient.netty.handler.HttpHandler - 

Request DefaultFullHttpRequest(decodeResult: success, version: HTTP/1.1, content: EmptyByteBufBE)
GET /wd/hub/session/8ba94d58-901f-4475-b7fb-66ac52510caf/screenshot HTTP/1.1
User-Agent: selenium/4.5.3 (java mac)
Cache-Control: no-cache
Content-Type: application/json; charset=utf-8
host: localhost:4723
accept: */*

Response DefaultHttpResponse(decodeResult: success, version: HTTP/1.1)
HTTP/1.1 200 OK
X-Powered-By: Express
Content-Type: application/json; charset=utf-8
ETag: W/"8194-cmSBy8+gRR76AqM8OViKhuiIjl8"
Date: Thu, 02 Mar 2023 17:07:26 GMT
Connection: keep-alive
content-length: 33172

12:07:26.178 [AsyncHttpClient-1-2] DEBUG org.asynchttpclient.netty.channel.ChannelManager - Adding key: http://localhost:4723 for channel [id: 0x12d70145, L:/127.0.0.1:59904 - R:localhost/127.0.0.1:4723]
12:07:26.180 [Test worker] WARN net.thucydides.core.webdriver.WebDriverFacade - Failed to take screenshot (Illegal base64 character a)
12:07:26.183 [Forwarding getPageSource on session 8ba94d58-901f-4475-b7fb-66ac52510caf to remote] DEBUG org.asynchttpclient.netty.request.NettyRequestSender - Using pooled Channel '[id: 0x12d70145, L:/127.0.0.1:59904 - R:localhost/127.0.0.1:4723]' for 'GET' to 'http://localhost:4723/wd/hub/session/8ba94d58-901f-4475-b7fb-66ac52510caf/source'
12:07:26.183 [Forwarding getPageSource on session 8ba94d58-901f-4475-b7fb-66ac52510caf to remote] DEBUG org.asynchttpclient.netty.request.NettyRequestSender - Using open Channel [id: 0x12d70145, L:/127.0.0.1:59904 - R:localhost/127.0.0.1:4723] for GET '/wd/hub/session/8ba94d58-901f-4475-b7fb-66ac52510caf/source'
12:07:26.216 [AsyncHttpClient-1-2] DEBUG org.asynchttpclient.netty.handler.HttpHandler - 

Request DefaultFullHttpRequest(decodeResult: success, version: HTTP/1.1, content: EmptyByteBufBE)
GET /wd/hub/session/8ba94d58-901f-4475-b7fb-66ac52510caf/source HTTP/1.1
User-Agent: selenium/4.5.3 (java mac)
Cache-Control: no-cache
Content-Type: application/json; charset=utf-8
host: localhost:4723
accept: */*

Response DefaultHttpResponse(decodeResult: success, version: HTTP/1.1)
HTTP/1.1 200 OK
X-Powered-By: Express
Content-Type: application/json; charset=utf-8
ETag: W/"23ab-kQyQMv9ghnUa0Lpoq5T54NMt0l4"
Date: Thu, 02 Mar 2023 17:07:26 GMT
Connection: keep-alive
content-length: 9131

12:07:26.217 [AsyncHttpClient-1-2] DEBUG org.asynchttpclient.netty.channel.ChannelManager - Adding key: http://localhost:4723 for channel [id: 0x12d70145, L:/127.0.0.1:59904 - R:localhost/127.0.0.1:4723]
12:07:26.223 [Test worker] DEBUG net.thucydides.core.steps.StepInterceptor - STARTING STEP: Login.performAs - {0} clicks on #target
12:07:26.224 [Test worker] DEBUG net.serenitybdd.screenplay.targets.IFrameSwitcher - default content already selected for button login
12:07:26.243 [Forwarding findElement on session 8ba94d58-901f-4475-b7fb-66ac52510caf to remote] DEBUG org.asynchttpclient.netty.request.NettyRequestSender - Using pooled Channel '[id: 0x12d70145, L:/127.0.0.1:59904 - R:localhost/127.0.0.1:4723]' for 'POST' to 'http://localhost:4723/wd/hub/session/8ba94d58-901f-4475-b7fb-66ac52510caf/element'
12:07:26.243 [Forwarding findElement on session 8ba94d58-901f-4475-b7fb-66ac52510caf to remote] DEBUG org.asynchttpclient.netty.request.NettyRequestSender - Using open Channel [id: 0x12d70145, L:/127.0.0.1:59904 - R:localhost/127.0.0.1:4723] for POST '/wd/hub/session/8ba94d58-901f-4475-b7fb-66ac52510caf/element'
12:07:26.295 [AsyncHttpClient-1-2] DEBUG org.asynchttpclient.netty.handler.HttpHandler - 

Request DefaultHttpRequest(decodeResult: success, version: HTTP/1.1)
POST /wd/hub/session/8ba94d58-901f-4475-b7fb-66ac52510caf/element HTTP/1.1
User-Agent: selenium/4.5.3 (java mac)
Content-Length: 128
Content-Type: application/json; charset=utf-8
host: localhost:4723
accept: */*

Response DefaultHttpResponse(decodeResult: success, version: HTTP/1.1)
HTTP/1.1 200 OK
X-Powered-By: Express
Vary: X-HTTP-Method-Override
Content-Type: application/json; charset=utf-8
ETag: W/"89-HTc9Xt3cUGSqLvBc5V5YRSFz7Dg"
Date: Thu, 02 Mar 2023 17:07:26 GMT
Connection: keep-alive
content-length: 137

12:07:26.295 [AsyncHttpClient-1-2] DEBUG org.asynchttpclient.netty.channel.ChannelManager - Adding key: http://localhost:4723 for channel [id: 0x12d70145, L:/127.0.0.1:59904 - R:localhost/127.0.0.1:4723]
12:07:26.300 [Forwarding isElementDisplayed on session 8ba94d58-901f-4475-b7fb-66ac52510caf to remote] DEBUG org.asynchttpclient.netty.request.NettyRequestSender - Using pooled Channel '[id: 0x12d70145, L:/127.0.0.1:59904 - R:localhost/127.0.0.1:4723]' for 'GET' to 'http://localhost:4723/wd/hub/session/8ba94d58-901f-4475-b7fb-66ac52510caf/element/00000000-0000-0046-ffff-ffff00000065/displayed'
12:07:26.300 [Forwarding isElementDisplayed on session 8ba94d58-901f-4475-b7fb-66ac52510caf to remote] DEBUG org.asynchttpclient.netty.request.NettyRequestSender - Using open Channel [id: 0x12d70145, L:/127.0.0.1:59904 - R:localhost/127.0.0.1:4723] for GET '/wd/hub/session/8ba94d58-901f-4475-b7fb-66ac52510caf/element/00000000-0000-0046-ffff-ffff00000065/displayed'
12:07:26.319 [AsyncHttpClient-1-2] DEBUG org.asynchttpclient.netty.handler.HttpHandler - 

Request DefaultFullHttpRequest(decodeResult: success, version: HTTP/1.1, content: EmptyByteBufBE)
GET /wd/hub/session/8ba94d58-901f-4475-b7fb-66ac52510caf/element/00000000-0000-0046-ffff-ffff00000065/displayed HTTP/1.1
User-Agent: selenium/4.5.3 (java mac)
Cache-Control: no-cache
Content-Type: application/json; charset=utf-8
host: localhost:4723
accept: */*

Response DefaultHttpResponse(decodeResult: success, version: HTTP/1.1)
HTTP/1.1 200 OK
X-Powered-By: Express
Content-Type: application/json; charset=utf-8
ETag: W/"e-2ZHvAWebNQpyjGZTg6uyV8/spTo"
Date: Thu, 02 Mar 2023 17:07:26 GMT
Connection: keep-alive
content-length: 14

12:07:26.319 [AsyncHttpClient-1-2] DEBUG org.asynchttpclient.netty.channel.ChannelManager - Adding key: http://localhost:4723 for channel [id: 0x12d70145, L:/127.0.0.1:59904 - R:localhost/127.0.0.1:4723]
12:07:26.333 [Forwarding findElement on session 8ba94d58-901f-4475-b7fb-66ac52510caf to remote] DEBUG org.asynchttpclient.netty.request.NettyRequestSender - Using pooled Channel '[id: 0x12d70145, L:/127.0.0.1:59904 - R:localhost/127.0.0.1:4723]' for 'POST' to 'http://localhost:4723/wd/hub/session/8ba94d58-901f-4475-b7fb-66ac52510caf/element'
12:07:26.333 [Forwarding findElement on session 8ba94d58-901f-4475-b7fb-66ac52510caf to remote] DEBUG org.asynchttpclient.netty.request.NettyRequestSender - Using open Channel [id: 0x12d70145, L:/127.0.0.1:59904 - R:localhost/127.0.0.1:4723] for POST '/wd/hub/session/8ba94d58-901f-4475-b7fb-66ac52510caf/element'
12:07:26.389 [AsyncHttpClient-1-2] DEBUG org.asynchttpclient.netty.handler.HttpHandler - 

Request DefaultHttpRequest(decodeResult: success, version: HTTP/1.1)
POST /wd/hub/session/8ba94d58-901f-4475-b7fb-66ac52510caf/element HTTP/1.1
User-Agent: selenium/4.5.3 (java mac)
Content-Length: 128
Content-Type: application/json; charset=utf-8
host: localhost:4723
accept: */*

Response DefaultHttpResponse(decodeResult: success, version: HTTP/1.1)
HTTP/1.1 200 OK
X-Powered-By: Express
Vary: X-HTTP-Method-Override
Content-Type: application/json; charset=utf-8
ETag: W/"89-HTc9Xt3cUGSqLvBc5V5YRSFz7Dg"
Date: Thu, 02 Mar 2023 17:07:26 GMT
Connection: keep-alive
content-length: 137

12:07:26.390 [AsyncHttpClient-1-2] DEBUG org.asynchttpclient.netty.channel.ChannelManager - Adding key: http://localhost:4723 for channel [id: 0x12d70145, L:/127.0.0.1:59904 - R:localhost/127.0.0.1:4723]
12:07:26.392 [Forwarding clickElement on session 8ba94d58-901f-4475-b7fb-66ac52510caf to remote] DEBUG org.asynchttpclient.netty.request.NettyRequestSender - Using pooled Channel '[id: 0x12d70145, L:/127.0.0.1:59904 - R:localhost/127.0.0.1:4723]' for 'POST' to 'http://localhost:4723/wd/hub/session/8ba94d58-901f-4475-b7fb-66ac52510caf/element/00000000-0000-0046-ffff-ffff00000065/click'
12:07:26.392 [Forwarding clickElement on session 8ba94d58-901f-4475-b7fb-66ac52510caf to remote] DEBUG org.asynchttpclient.netty.request.NettyRequestSender - Using open Channel [id: 0x12d70145, L:/127.0.0.1:59904 - R:localhost/127.0.0.1:4723] for POST '/wd/hub/session/8ba94d58-901f-4475-b7fb-66ac52510caf/element/00000000-0000-0046-ffff-ffff00000065/click'
12:07:26.462 [AsyncHttpClient-1-2] DEBUG org.asynchttpclient.netty.handler.HttpHandler - 

Request DefaultHttpRequest(decodeResult: success, version: HTTP/1.1)
POST /wd/hub/session/8ba94d58-901f-4475-b7fb-66ac52510caf/element/00000000-0000-0046-ffff-ffff00000065/click HTTP/1.1
User-Agent: selenium/4.5.3 (java mac)
Content-Length: 50
Content-Type: application/json; charset=utf-8
host: localhost:4723
accept: */*

Response DefaultHttpResponse(decodeResult: success, version: HTTP/1.1)
HTTP/1.1 200 OK
X-Powered-By: Express
Vary: X-HTTP-Method-Override
Content-Type: application/json; charset=utf-8
ETag: W/"e-9/1BuKMgFObM1mWJm+YjxtXJnUM"
Date: Thu, 02 Mar 2023 17:07:26 GMT
Connection: keep-alive
content-length: 14

12:07:26.462 [AsyncHttpClient-1-2] DEBUG org.asynchttpclient.netty.channel.ChannelManager - Adding key: http://localhost:4723 for channel [id: 0x12d70145, L:/127.0.0.1:59904 - R:localhost/127.0.0.1:4723]
12:07:26.481 [Forwarding getCurrentWindowHandle on session 8ba94d58-901f-4475-b7fb-66ac52510caf to remote] DEBUG org.asynchttpclient.netty.request.NettyRequestSender - Using pooled Channel '[id: 0x12d70145, L:/127.0.0.1:59904 - R:localhost/127.0.0.1:4723]' for 'GET' to 'http://localhost:4723/wd/hub/session/8ba94d58-901f-4475-b7fb-66ac52510caf/window'
12:07:26.481 [Forwarding getCurrentWindowHandle on session 8ba94d58-901f-4475-b7fb-66ac52510caf to remote] DEBUG org.asynchttpclient.netty.request.NettyRequestSender - Using open Channel [id: 0x12d70145, L:/127.0.0.1:59904 - R:localhost/127.0.0.1:4723] for GET '/wd/hub/session/8ba94d58-901f-4475-b7fb-66ac52510caf/window'
12:07:26.496 [AsyncHttpClient-1-2] DEBUG org.asynchttpclient.netty.handler.HttpHandler - 

Request DefaultFullHttpRequest(decodeResult: success, version: HTTP/1.1, content: EmptyByteBufBE)
GET /wd/hub/session/8ba94d58-901f-4475-b7fb-66ac52510caf/window HTTP/1.1
User-Agent: selenium/4.5.3 (java mac)
Cache-Control: no-cache
Content-Type: application/json; charset=utf-8
host: localhost:4723
accept: */*

Response DefaultHttpResponse(decodeResult: success, version: HTTP/1.1)
HTTP/1.1 404 Not Found
X-Powered-By: Express
Content-Type: application/json; charset=utf-8
ETag: W/"dc9-1p46SNnIG6GxUYvzfhKldWCLeEA"
Date: Thu, 02 Mar 2023 17:07:26 GMT
Connection: keep-alive
content-length: 3529

12:07:26.497 [AsyncHttpClient-1-2] DEBUG org.asynchttpclient.netty.channel.ChannelManager - Adding key: http://localhost:4723 for channel [id: 0x12d70145, L:/127.0.0.1:59904 - R:localhost/127.0.0.1:4723]
12:07:26.499 [Forwarding screenshot on session 8ba94d58-901f-4475-b7fb-66ac52510caf to remote] DEBUG org.asynchttpclient.netty.request.NettyRequestSender - Using pooled Channel '[id: 0x12d70145, L:/127.0.0.1:59904 - R:localhost/127.0.0.1:4723]' for 'GET' to 'http://localhost:4723/wd/hub/session/8ba94d58-901f-4475-b7fb-66ac52510caf/screenshot'
12:07:26.499 [Forwarding screenshot on session 8ba94d58-901f-4475-b7fb-66ac52510caf to remote] DEBUG org.asynchttpclient.netty.request.NettyRequestSender - Using open Channel [id: 0x12d70145, L:/127.0.0.1:59904 - R:localhost/127.0.0.1:4723] for GET '/wd/hub/session/8ba94d58-901f-4475-b7fb-66ac52510caf/screenshot'
12:07:26.769 [AsyncHttpClient-1-2] DEBUG org.asynchttpclient.netty.handler.HttpHandler - 

Request DefaultFullHttpRequest(decodeResult: success, version: HTTP/1.1, content: EmptyByteBufBE)
GET /wd/hub/session/8ba94d58-901f-4475-b7fb-66ac52510caf/screenshot HTTP/1.1
User-Agent: selenium/4.5.3 (java mac)
Cache-Control: no-cache
Content-Type: application/json; charset=utf-8
host: localhost:4723
accept: */*

Response DefaultHttpResponse(decodeResult: success, version: HTTP/1.1)
HTTP/1.1 200 OK
X-Powered-By: Express
Content-Type: application/json; charset=utf-8
ETag: W/"9ee0-tPZxYDlHKHI7B1DJJsLicOSiufE"
Date: Thu, 02 Mar 2023 17:07:26 GMT
Connection: keep-alive
content-length: 40672

12:07:26.769 [AsyncHttpClient-1-2] DEBUG org.asynchttpclient.netty.channel.ChannelManager - Adding key: http://localhost:4723 for channel [id: 0x12d70145, L:/127.0.0.1:59904 - R:localhost/127.0.0.1:4723]
12:07:26.771 [Test worker] WARN net.thucydides.core.webdriver.WebDriverFacade - Failed to take screenshot (Illegal base64 character a)
12:07:26.771 [Test worker] DEBUG net.thucydides.core.steps.StepInterceptor - STEP DONE: {0} clicks on #target
12:07:26.785 [Forwarding getCurrentWindowHandle on session 8ba94d58-901f-4475-b7fb-66ac52510caf to remote] DEBUG org.asynchttpclient.netty.request.NettyRequestSender - Using pooled Channel '[id: 0x12d70145, L:/127.0.0.1:59904 - R:localhost/127.0.0.1:4723]' for 'GET' to 'http://localhost:4723/wd/hub/session/8ba94d58-901f-4475-b7fb-66ac52510caf/window'
12:07:26.785 [Forwarding getCurrentWindowHandle on session 8ba94d58-901f-4475-b7fb-66ac52510caf to remote] DEBUG org.asynchttpclient.netty.request.NettyRequestSender - Using open Channel [id: 0x12d70145, L:/127.0.0.1:59904 - R:localhost/127.0.0.1:4723] for GET '/wd/hub/session/8ba94d58-901f-4475-b7fb-66ac52510caf/window'
12:07:26.799 [AsyncHttpClient-1-2] DEBUG org.asynchttpclient.netty.handler.HttpHandler - 

Request DefaultFullHttpRequest(decodeResult: success, version: HTTP/1.1, content: EmptyByteBufBE)
GET /wd/hub/session/8ba94d58-901f-4475-b7fb-66ac52510caf/window HTTP/1.1
User-Agent: selenium/4.5.3 (java mac)
Cache-Control: no-cache
Content-Type: application/json; charset=utf-8
host: localhost:4723
accept: */*

Response DefaultHttpResponse(decodeResult: success, version: HTTP/1.1)
HTTP/1.1 404 Not Found
X-Powered-By: Express
Content-Type: application/json; charset=utf-8
ETag: W/"dc9-1p46SNnIG6GxUYvzfhKldWCLeEA"
Date: Thu, 02 Mar 2023 17:07:26 GMT
Connection: keep-alive
content-length: 3529

12:07:26.799 [AsyncHttpClient-1-2] DEBUG org.asynchttpclient.netty.channel.ChannelManager - Adding key: http://localhost:4723 for channel [id: 0x12d70145, L:/127.0.0.1:59904 - R:localhost/127.0.0.1:4723]
12:07:26.801 [Forwarding screenshot on session 8ba94d58-901f-4475-b7fb-66ac52510caf to remote] DEBUG org.asynchttpclient.netty.request.NettyRequestSender - Using pooled Channel '[id: 0x12d70145, L:/127.0.0.1:59904 - R:localhost/127.0.0.1:4723]' for 'GET' to 'http://localhost:4723/wd/hub/session/8ba94d58-901f-4475-b7fb-66ac52510caf/screenshot'
12:07:26.801 [Forwarding screenshot on session 8ba94d58-901f-4475-b7fb-66ac52510caf to remote] DEBUG org.asynchttpclient.netty.request.NettyRequestSender - Using open Channel [id: 0x12d70145, L:/127.0.0.1:59904 - R:localhost/127.0.0.1:4723] for GET '/wd/hub/session/8ba94d58-901f-4475-b7fb-66ac52510caf/screenshot'
12:07:27.034 [AsyncHttpClient-1-2] DEBUG org.asynchttpclient.netty.handler.HttpHandler - 

Request DefaultFullHttpRequest(decodeResult: success, version: HTTP/1.1, content: EmptyByteBufBE)
GET /wd/hub/session/8ba94d58-901f-4475-b7fb-66ac52510caf/screenshot HTTP/1.1
User-Agent: selenium/4.5.3 (java mac)
Cache-Control: no-cache
Content-Type: application/json; charset=utf-8
host: localhost:4723
accept: */*

Response DefaultHttpResponse(decodeResult: success, version: HTTP/1.1)
HTTP/1.1 200 OK
X-Powered-By: Express
Content-Type: application/json; charset=utf-8
ETag: W/"bcc4-pEjzMQTLsCAorGiQ1yenb/+MHXQ"
Date: Thu, 02 Mar 2023 17:07:27 GMT
Connection: keep-alive
content-length: 48324

12:07:27.034 [AsyncHttpClient-1-2] DEBUG org.asynchttpclient.netty.channel.ChannelManager - Adding key: http://localhost:4723 for channel [id: 0x12d70145, L:/127.0.0.1:59904 - R:localhost/127.0.0.1:4723]
12:07:27.036 [Test worker] WARN net.thucydides.core.webdriver.WebDriverFacade - Failed to take screenshot (Illegal base64 character a)
12:07:27.036 [Test worker] DEBUG net.thucydides.core.steps.StepInterceptor - STEP DONE: performAs
12:07:27.049 [Forwarding getCurrentWindowHandle on session 8ba94d58-901f-4475-b7fb-66ac52510caf to remote] DEBUG org.asynchttpclient.netty.request.NettyRequestSender - Using pooled Channel '[id: 0x12d70145, L:/127.0.0.1:59904 - R:localhost/127.0.0.1:4723]' for 'GET' to 'http://localhost:4723/wd/hub/session/8ba94d58-901f-4475-b7fb-66ac52510caf/window'
12:07:27.049 [Forwarding getCurrentWindowHandle on session 8ba94d58-901f-4475-b7fb-66ac52510caf to remote] DEBUG org.asynchttpclient.netty.request.NettyRequestSender - Using open Channel [id: 0x12d70145, L:/127.0.0.1:59904 - R:localhost/127.0.0.1:4723] for GET '/wd/hub/session/8ba94d58-901f-4475-b7fb-66ac52510caf/window'
12:07:27.060 [AsyncHttpClient-1-2] DEBUG org.asynchttpclient.netty.handler.HttpHandler - 

Request DefaultFullHttpRequest(decodeResult: success, version: HTTP/1.1, content: EmptyByteBufBE)
GET /wd/hub/session/8ba94d58-901f-4475-b7fb-66ac52510caf/window HTTP/1.1
User-Agent: selenium/4.5.3 (java mac)
Cache-Control: no-cache
Content-Type: application/json; charset=utf-8
host: localhost:4723
accept: */*

Response DefaultHttpResponse(decodeResult: success, version: HTTP/1.1)
HTTP/1.1 404 Not Found
X-Powered-By: Express
Content-Type: application/json; charset=utf-8
ETag: W/"dc9-1p46SNnIG6GxUYvzfhKldWCLeEA"
Date: Thu, 02 Mar 2023 17:07:27 GMT
Connection: keep-alive
content-length: 3529

12:07:27.061 [AsyncHttpClient-1-2] DEBUG org.asynchttpclient.netty.channel.ChannelManager - Adding key: http://localhost:4723 for channel [id: 0x12d70145, L:/127.0.0.1:59904 - R:localhost/127.0.0.1:4723]
12:07:27.062 [Forwarding screenshot on session 8ba94d58-901f-4475-b7fb-66ac52510caf to remote] DEBUG org.asynchttpclient.netty.request.NettyRequestSender - Using pooled Channel '[id: 0x12d70145, L:/127.0.0.1:59904 - R:localhost/127.0.0.1:4723]' for 'GET' to 'http://localhost:4723/wd/hub/session/8ba94d58-901f-4475-b7fb-66ac52510caf/screenshot'
12:07:27.062 [Forwarding screenshot on session 8ba94d58-901f-4475-b7fb-66ac52510caf to remote] DEBUG org.asynchttpclient.netty.request.NettyRequestSender - Using open Channel [id: 0x12d70145, L:/127.0.0.1:59904 - R:localhost/127.0.0.1:4723] for GET '/wd/hub/session/8ba94d58-901f-4475-b7fb-66ac52510caf/screenshot'
12:07:27.285 [AsyncHttpClient-1-2] DEBUG org.asynchttpclient.netty.handler.HttpHandler - 

Request DefaultFullHttpRequest(decodeResult: success, version: HTTP/1.1, content: EmptyByteBufBE)
GET /wd/hub/session/8ba94d58-901f-4475-b7fb-66ac52510caf/screenshot HTTP/1.1
User-Agent: selenium/4.5.3 (java mac)
Cache-Control: no-cache
Content-Type: application/json; charset=utf-8
host: localhost:4723
accept: */*

Response DefaultHttpResponse(decodeResult: success, version: HTTP/1.1)
HTTP/1.1 200 OK
X-Powered-By: Express
Content-Type: application/json; charset=utf-8
ETag: W/"bcc4-pEjzMQTLsCAorGiQ1yenb/+MHXQ"
Date: Thu, 02 Mar 2023 17:07:27 GMT
Connection: keep-alive
content-length: 48324

12:07:27.285 [AsyncHttpClient-1-2] DEBUG org.asynchttpclient.netty.channel.ChannelManager - Adding key: http://localhost:4723 for channel [id: 0x12d70145, L:/127.0.0.1:59904 - R:localhost/127.0.0.1:4723]
12:07:27.287 [Test worker] WARN net.thucydides.core.webdriver.WebDriverFacade - Failed to take screenshot (Illegal base64 character a)
12:07:27.290 [Test worker] INFO  - 
  _____   ___   ___   _____     ___     _     ___   ___   ___   ___  
 |_   _| | __| / __| |_   _|   | _ \   /_\   / __| / __| | __| |   \ 
   | |   | _|  \__ \   | |     |  _/  / _ \  \__ \ \__ \ | _|  | |) |
   |_|   |___| |___/   |_|     |_|   /_/ \_\ |___/ |___/ |___| |___/ 

Try to log in with not valid credentials
----------------------------------------------------------------------
12:07:27.334 [Forwarding quit on session 8ba94d58-901f-4475-b7fb-66ac52510caf to remote] DEBUG org.asynchttpclient.netty.request.NettyRequestSender - Using pooled Channel '[id: 0x12d70145, L:/127.0.0.1:59904 - R:localhost/127.0.0.1:4723]' for 'DELETE' to 'http://localhost:4723/wd/hub/session/8ba94d58-901f-4475-b7fb-66ac52510caf'
12:07:27.334 [Forwarding quit on session 8ba94d58-901f-4475-b7fb-66ac52510caf to remote] DEBUG org.asynchttpclient.netty.request.NettyRequestSender - Using open Channel [id: 0x12d70145, L:/127.0.0.1:59904 - R:localhost/127.0.0.1:4723] for DELETE '/wd/hub/session/8ba94d58-901f-4475-b7fb-66ac52510caf'
12:07:27.804 [AsyncHttpClient-1-2] DEBUG org.asynchttpclient.netty.handler.HttpHandler - 

Request DefaultFullHttpRequest(decodeResult: success, version: HTTP/1.1, content: EmptyByteBufBE)
DELETE /wd/hub/session/8ba94d58-901f-4475-b7fb-66ac52510caf HTTP/1.1
User-Agent: selenium/4.5.3 (java mac)
Content-Type: application/json; charset=utf-8
host: localhost:4723
accept: */*

Response DefaultHttpResponse(decodeResult: success, version: HTTP/1.1)
HTTP/1.1 200 OK
X-Powered-By: Express
Content-Type: application/json; charset=utf-8
ETag: W/"e-9/1BuKMgFObM1mWJm+YjxtXJnUM"
Date: Thu, 02 Mar 2023 17:07:27 GMT
Connection: keep-alive
content-length: 14

12:07:27.804 [AsyncHttpClient-1-2] DEBUG org.asynchttpclient.netty.channel.ChannelManager - Adding key: http://localhost:4723 for channel [id: 0x12d70145, L:/127.0.0.1:59904 - R:localhost/127.0.0.1:4723]
]]></system-out>
  <system-err><![CDATA[]]></system-err>
</testsuite>
